0 info it worked if it ends with ok
1 verbose cli [ '/usr/bin/nodejs', '/usr/bin/npm', 'install', 'canvas' ]
2 info using npm@3.5.2
3 info using node@v4.2.6
4 silly loadCurrentTree Starting
5 silly install loadCurrentTree
6 silly install readLocalPackageData
7 silly fetchPackageMetaData canvas
8 silly fetchNamedPackageData canvas
9 silly mapToRegistry name canvas
10 silly mapToRegistry using default registry
11 silly mapToRegistry registry https://registry.npmjs.org/
12 silly mapToRegistry uri https://registry.npmjs.org/canvas
13 verbose request uri https://registry.npmjs.org/canvas
14 verbose request no auth needed
15 info attempt registry request try #1 at 23:00:56
16 verbose request id e1599f9d96de342c
17 http request GET https://registry.npmjs.org/canvas
18 http 200 https://registry.npmjs.org/canvas
19 verbose headers { date: 'Wed, 05 Sep 2018 14:00:56 GMT',
19 verbose headers   'content-type': 'application/json; charset=UTF-8',
19 verbose headers   'transfer-encoding': 'chunked',
19 verbose headers   connection: 'keep-alive',
19 verbose headers   'set-cookie': [ '__cfduid=dba754da8051dd728875cef055d1da97a1536156056; expires=Thu, 05-Sep-19 14:00:56 GMT; path=/; domain=.registry.npmjs.org; HttpOnly' ],
19 verbose headers   'cf-cache-status': 'HIT',
19 verbose headers   'cache-control': 'max-age=300',
19 verbose headers   'cf-ray': '455939961db3a578-NRT',
19 verbose headers   etag: 'W/"b8fbe419ef71bc553c49288122a277fc"',
19 verbose headers   'expect-ct': 'max-age=604800, report-uri="https://report-uri.cloudflare.com/cdn-cgi/beacon/expect-ct"',
19 verbose headers   'last-modified': 'Fri, 03 Aug 2018 10:22:32 GMT',
19 verbose headers   vary: 'accept-encoding, accept',
19 verbose headers   server: 'cloudflare',
19 verbose headers   'content-encoding': 'gzip' }
20 silly get cb [ 200,
20 silly get   { date: 'Wed, 05 Sep 2018 14:00:56 GMT',
20 silly get     'content-type': 'application/json; charset=UTF-8',
20 silly get     'transfer-encoding': 'chunked',
20 silly get     connection: 'keep-alive',
20 silly get     'set-cookie': [ '__cfduid=dba754da8051dd728875cef055d1da97a1536156056; expires=Thu, 05-Sep-19 14:00:56 GMT; path=/; domain=.registry.npmjs.org; HttpOnly' ],
20 silly get     'cf-cache-status': 'HIT',
20 silly get     'cache-control': 'max-age=300',
20 silly get     'cf-ray': '455939961db3a578-NRT',
20 silly get     etag: 'W/"b8fbe419ef71bc553c49288122a277fc"',
20 silly get     'expect-ct': 'max-age=604800, report-uri="https://report-uri.cloudflare.com/cdn-cgi/beacon/expect-ct"',
20 silly get     'last-modified': 'Fri, 03 Aug 2018 10:22:32 GMT',
20 silly get     vary: 'accept-encoding, accept',
20 silly get     server: 'cloudflare',
20 silly get     'content-encoding': 'gzip' } ]
21 verbose get saving canvas to /home/smurano/.npm/registry.npmjs.org/canvas/.cache.json
22 silly install normalizeTree
23 silly loadCurrentTree Finishing
24 silly loadIdealTree Starting
25 silly install loadIdealTree
26 silly cloneCurrentTree Starting
27 silly install cloneCurrentTreeToIdealTree
28 silly cloneCurrentTree Finishing
29 silly loadShrinkwrap Starting
30 silly install loadShrinkwrap
31 silly loadShrinkwrap Finishing
32 silly loadAllDepsIntoIdealTree Starting
33 silly install loadAllDepsIntoIdealTree
34 silly resolveWithNewModule canvas@1.6.11 checking installable status
35 silly cache add args [ 'canvas', null ]
36 verbose cache add spec canvas
37 silly cache add parsed spec Result {
37 silly cache add   raw: 'canvas',
37 silly cache add   scope: null,
37 silly cache add   name: 'canvas',
37 silly cache add   rawSpec: '',
37 silly cache add   spec: 'latest',
37 silly cache add   type: 'tag' }
38 silly addNamed canvas@latest
39 verbose addNamed "latest" is being treated as a dist-tag for canvas
40 info addNameTag [ 'canvas', 'latest' ]
41 silly mapToRegistry name canvas
42 silly mapToRegistry using default registry
43 silly mapToRegistry registry https://registry.npmjs.org/
44 silly mapToRegistry uri https://registry.npmjs.org/canvas
45 verbose addNameTag registry:https://registry.npmjs.org/canvas not in flight; fetching
46 verbose get https://registry.npmjs.org/canvas not expired, no request
47 silly addNameTag next cb for canvas with tag latest
48 silly addNamed canvas@1.6.11
49 verbose addNamed "1.6.11" is a plain semver version for canvas
50 silly mapToRegistry name canvas
51 silly mapToRegistry using default registry
52 silly mapToRegistry registry https://registry.npmjs.org/
53 silly mapToRegistry uri https://registry.npmjs.org/canvas
54 verbose addRemoteTarball https://registry.npmjs.org/canvas/-/canvas-1.6.11.tgz not in flight; adding
55 verbose addRemoteTarball [ 'https://registry.npmjs.org/canvas/-/canvas-1.6.11.tgz',
55 verbose addRemoteTarball   'c2d8bcf283281f19ded14fa163a111804522330d' ]
56 info retry fetch attempt 1 at 23:00:57
57 info attempt registry request try #1 at 23:00:57
58 http fetch GET https://registry.npmjs.org/canvas/-/canvas-1.6.11.tgz
59 http fetch 200 https://registry.npmjs.org/canvas/-/canvas-1.6.11.tgz
60 silly fetchAndShaCheck shasum c2d8bcf283281f19ded14fa163a111804522330d
61 verbose addTmpTarball /tmp/npm-44-08aaba80/registry.npmjs.org/canvas/-/canvas-1.6.11.tgz not in flight; adding
62 verbose addTmpTarball already have metadata; skipping unpack for canvas@1.6.11
63 silly cache afterAdd canvas@1.6.11
64 verbose afterAdd /home/smurano/.npm/canvas/1.6.11/package/package.json not in flight; writing
65 verbose afterAdd /home/smurano/.npm/canvas/1.6.11/package/package.json written
66 silly fetchNamedPackageData nan
67 silly mapToRegistry name nan
68 silly mapToRegistry using default registry
69 silly mapToRegistry registry https://registry.npmjs.org/
70 silly mapToRegistry uri https://registry.npmjs.org/nan
71 verbose request uri https://registry.npmjs.org/nan
72 verbose request no auth needed
73 info attempt registry request try #1 at 23:00:57
74 verbose etag W/"249a7c29055ea21c4b8d244bd7b33a97"
75 verbose lastModified Sun, 27 May 2018 09:01:11 GMT
76 http request GET https://registry.npmjs.org/nan
77 http 200 https://registry.npmjs.org/nan
78 verbose headers { date: 'Wed, 05 Sep 2018 14:00:58 GMT',
78 verbose headers   'content-type': 'application/json; charset=UTF-8',
78 verbose headers   'transfer-encoding': 'chunked',
78 verbose headers   connection: 'keep-alive',
78 verbose headers   'set-cookie': [ '__cfduid=d0109beadea76f8a6a9703094fffd55ba1536156058; expires=Thu, 05-Sep-19 14:00:58 GMT; path=/; domain=.registry.npmjs.org; HttpOnly' ],
78 verbose headers   'cf-cache-status': 'HIT',
78 verbose headers   'cache-control': 'max-age=300',
78 verbose headers   'cf-ray': '455939a35f87955f-NRT',
78 verbose headers   etag: 'W/"07b67d31eac50b501e4eb4f5b0dcc2f1"',
78 verbose headers   'expect-ct': 'max-age=604800, report-uri="https://report-uri.cloudflare.com/cdn-cgi/beacon/expect-ct"',
78 verbose headers   'last-modified': 'Sat, 25 Aug 2018 12:43:49 GMT',
78 verbose headers   vary: 'accept-encoding, accept',
78 verbose headers   server: 'cloudflare',
78 verbose headers   'content-encoding': 'gzip' }
79 silly get cb [ 200,
79 silly get   { date: 'Wed, 05 Sep 2018 14:00:58 GMT',
79 silly get     'content-type': 'application/json; charset=UTF-8',
79 silly get     'transfer-encoding': 'chunked',
79 silly get     connection: 'keep-alive',
79 silly get     'set-cookie': [ '__cfduid=d0109beadea76f8a6a9703094fffd55ba1536156058; expires=Thu, 05-Sep-19 14:00:58 GMT; path=/; domain=.registry.npmjs.org; HttpOnly' ],
79 silly get     'cf-cache-status': 'HIT',
79 silly get     'cache-control': 'max-age=300',
79 silly get     'cf-ray': '455939a35f87955f-NRT',
79 silly get     etag: 'W/"07b67d31eac50b501e4eb4f5b0dcc2f1"',
79 silly get     'expect-ct': 'max-age=604800, report-uri="https://report-uri.cloudflare.com/cdn-cgi/beacon/expect-ct"',
79 silly get     'last-modified': 'Sat, 25 Aug 2018 12:43:49 GMT',
79 silly get     vary: 'accept-encoding, accept',
79 silly get     server: 'cloudflare',
79 silly get     'content-encoding': 'gzip' } ]
80 verbose get saving nan to /home/smurano/.npm/registry.npmjs.org/nan/.cache.json
81 silly resolveWithNewModule nan@2.11.0 checking installable status
82 silly cache add args [ 'nan@^2.10.0', null ]
83 verbose cache add spec nan@^2.10.0
84 silly cache add parsed spec Result {
84 silly cache add   raw: 'nan@^2.10.0',
84 silly cache add   scope: null,
84 silly cache add   name: 'nan',
84 silly cache add   rawSpec: '^2.10.0',
84 silly cache add   spec: '>=2.10.0 <3.0.0',
84 silly cache add   type: 'range' }
85 silly addNamed nan@>=2.10.0 <3.0.0
86 verbose addNamed ">=2.10.0 <3.0.0" is a valid semver range for nan
87 silly addNameRange { name: 'nan', range: '>=2.10.0 <3.0.0', hasData: false }
88 silly mapToRegistry name nan
89 silly mapToRegistry using default registry
90 silly mapToRegistry registry https://registry.npmjs.org/
91 silly mapToRegistry uri https://registry.npmjs.org/nan
92 verbose addNameRange registry:https://registry.npmjs.org/nan not in flight; fetching
93 verbose get https://registry.npmjs.org/nan not expired, no request
94 silly addNameRange number 2 { name: 'nan', range: '>=2.10.0 <3.0.0', hasData: true }
95 silly addNameRange versions [ 'nan',
95 silly addNameRange   [ '0.3.0-wip',
95 silly addNameRange     '0.3.0-wip2',
95 silly addNameRange     '0.3.0',
95 silly addNameRange     '0.3.1',
95 silly addNameRange     '0.3.2',
95 silly addNameRange     '0.4.0',
95 silly addNameRange     '0.4.1',
95 silly addNameRange     '0.4.2',
95 silly addNameRange     '0.4.3',
95 silly addNameRange     '0.4.4',
95 silly addNameRange     '0.5.0',
95 silly addNameRange     '0.5.1',
95 silly addNameRange     '0.5.2',
95 silly addNameRange     '0.6.0',
95 silly addNameRange     '0.7.0',
95 silly addNameRange     '0.7.1',
95 silly addNameRange     '0.8.0',
95 silly addNameRange     '1.0.0',
95 silly addNameRange     '1.1.0',
95 silly addNameRange     '1.1.1',
95 silly addNameRange     '1.1.2',
95 silly addNameRange     '1.2.0',
95 silly addNameRange     '1.3.0',
95 silly addNameRange     '1.4.0',
95 silly addNameRange     '1.4.1',
95 silly addNameRange     '1.5.0',
95 silly addNameRange     '1.4.2',
95 silly addNameRange     '1.4.3',
95 silly addNameRange     '1.5.1',
95 silly addNameRange     '1.5.2',
95 silly addNameRange     '1.6.0',
95 silly addNameRange     '1.5.3',
95 silly addNameRange     '1.6.1',
95 silly addNameRange     '1.6.2',
95 silly addNameRange     '1.7.0',
95 silly addNameRange     '1.8.0',
95 silly addNameRange     '1.8.1',
95 silly addNameRange     '1.8.2',
95 silly addNameRange     '1.8.3',
95 silly addNameRange     '1.8.4',
95 silly addNameRange     '1.9.0',
95 silly addNameRange     '2.0.0',
95 silly addNameRange     '2.0.1',
95 silly addNameRange     '2.0.2',
95 silly addNameRange     '2.0.3',
95 silly addNameRange     '2.0.4',
95 silly addNameRange     '2.0.5',
95 silly addNameRange     '2.0.6',
95 silly addNameRange     '2.0.7',
95 silly addNameRange     '2.0.8',
95 silly addNameRange     '2.0.9',
95 silly addNameRange     '2.1.0',
95 silly addNameRange     '2.2.0',
95 silly addNameRange     '2.2.1',
95 silly addNameRange     '2.3.0',
95 silly addNameRange     '2.3.1',
95 silly addNameRange     '2.3.2',
95 silly addNameRange     '2.3.3',
95 silly addNameRange     '2.3.4',
95 silly addNameRange     '2.3.5',
95 silly addNameRange     '2.4.0',
95 silly addNameRange     '2.5.0',
95 silly addNameRange     '2.5.1',
95 silly addNameRange     '2.6.0',
95 silly addNameRange     '2.6.1',
95 silly addNameRange     '2.6.2',
95 silly addNameRange     '2.7.0',
95 silly addNameRange     '2.8.0',
95 silly addNameRange     '2.9.1',
95 silly addNameRange     '2.9.2',
95 silly addNameRange     '2.10.0',
95 silly addNameRange     '2.11.0' ] ]
96 silly addNamed nan@2.11.0
97 verbose addNamed "2.11.0" is a plain semver version for nan
98 silly mapToRegistry name nan
99 silly mapToRegistry using default registry
100 silly mapToRegistry registry https://registry.npmjs.org/
101 silly mapToRegistry uri https://registry.npmjs.org/nan
102 verbose addRemoteTarball https://registry.npmjs.org/nan/-/nan-2.11.0.tgz not in flight; adding
103 verbose addRemoteTarball [ 'https://registry.npmjs.org/nan/-/nan-2.11.0.tgz',
103 verbose addRemoteTarball   '574e360e4d954ab16966ec102c0c049fd961a099' ]
104 info retry fetch attempt 1 at 23:00:59
105 info attempt registry request try #1 at 23:00:59
106 http fetch GET https://registry.npmjs.org/nan/-/nan-2.11.0.tgz
107 http fetch 200 https://registry.npmjs.org/nan/-/nan-2.11.0.tgz
108 silly fetchAndShaCheck shasum 574e360e4d954ab16966ec102c0c049fd961a099
109 verbose addTmpTarball /tmp/npm-44-08aaba80/registry.npmjs.org/nan/-/nan-2.11.0.tgz not in flight; adding
110 verbose addTmpTarball already have metadata; skipping unpack for nan@2.11.0
111 silly cache afterAdd nan@2.11.0
112 verbose afterAdd /home/smurano/.npm/nan/2.11.0/package/package.json not in flight; writing
113 verbose afterAdd /home/smurano/.npm/nan/2.11.0/package/package.json written
114 silly loadAllDepsIntoIdealTree Finishing
115 silly idealTree:prePrune img_up_smurano
115 silly idealTree:prePrune ├── accepts@1.3.5
115 silly idealTree:prePrune ├── acorn-globals@1.0.9
115 silly idealTree:prePrune ├── acorn@2.7.0
115 silly idealTree:prePrune ├── align-text@0.1.4
115 silly idealTree:prePrune ├── amdefine@1.0.1
115 silly idealTree:prePrune ├── append-field@0.1.0
115 silly idealTree:prePrune ├── array-flatten@1.1.1
115 silly idealTree:prePrune ├── asap@1.0.0
115 silly idealTree:prePrune ├─┬ body-parser@1.18.3
115 silly idealTree:prePrune │ ├── iconv-lite@0.4.23
115 silly idealTree:prePrune │ ├── qs@6.5.2
115 silly idealTree:prePrune │ └── raw-body@2.3.3
115 silly idealTree:prePrune ├── buffer-from@1.1.1
115 silly idealTree:prePrune ├── busboy@0.2.14
115 silly idealTree:prePrune ├── bytes@3.0.0
115 silly idealTree:prePrune ├── camelcase@1.2.1
115 silly idealTree:prePrune ├── canvas@1.6.11
115 silly idealTree:prePrune ├── center-align@0.1.3
115 silly idealTree:prePrune ├── character-parser@1.2.1
115 silly idealTree:prePrune ├─┬ clean-css@3.4.28
115 silly idealTree:prePrune │ └── commander@2.8.1
115 silly idealTree:prePrune ├─┬ cliui@2.1.0
115 silly idealTree:prePrune │ └── wordwrap@0.0.2
115 silly idealTree:prePrune ├── commander@2.6.0
115 silly idealTree:prePrune ├─┬ concat-stream@1.6.2
115 silly idealTree:prePrune │ ├── isarray@1.0.0
115 silly idealTree:prePrune │ ├── readable-stream@2.3.6
115 silly idealTree:prePrune │ └── string_decoder@1.1.1
115 silly idealTree:prePrune ├── constantinople@3.0.2
115 silly idealTree:prePrune ├── content-disposition@0.5.2
115 silly idealTree:prePrune ├── content-type@1.0.4
115 silly idealTree:prePrune ├── cookie-signature@1.0.6
115 silly idealTree:prePrune ├── cookie@0.3.1
115 silly idealTree:prePrune ├── core-util-is@1.0.2
115 silly idealTree:prePrune ├── css-parse@1.0.4
115 silly idealTree:prePrune ├── css-stringify@1.0.5
115 silly idealTree:prePrune ├── css@1.0.8
115 silly idealTree:prePrune ├── debug@2.6.9
115 silly idealTree:prePrune ├── decamelize@1.2.0
115 silly idealTree:prePrune ├── depd@1.1.2
115 silly idealTree:prePrune ├── destroy@1.0.4
115 silly idealTree:prePrune ├── dicer@0.2.5
115 silly idealTree:prePrune ├── ee-first@1.1.1
115 silly idealTree:prePrune ├── ejs@2.6.1
115 silly idealTree:prePrune ├── encodeurl@1.0.2
115 silly idealTree:prePrune ├── escape-html@1.0.3
115 silly idealTree:prePrune ├── etag@1.8.1
115 silly idealTree:prePrune ├─┬ express@4.16.3
115 silly idealTree:prePrune │ └── body-parser@1.18.2
115 silly idealTree:prePrune ├── finalhandler@1.1.1
115 silly idealTree:prePrune ├── forwarded@0.1.2
115 silly idealTree:prePrune ├── fresh@0.5.2
115 silly idealTree:prePrune ├── graceful-readlink@1.0.1
115 silly idealTree:prePrune ├── http-errors@1.6.3
115 silly idealTree:prePrune ├── iconv-lite@0.4.19
115 silly idealTree:prePrune ├── inherits@2.0.3
115 silly idealTree:prePrune ├── ipaddr.js@1.8.0
115 silly idealTree:prePrune ├── is-buffer@1.1.6
115 silly idealTree:prePrune ├── is-promise@2.1.0
115 silly idealTree:prePrune ├── isarray@0.0.1
115 silly idealTree:prePrune ├── jade@1.11.0
115 silly idealTree:prePrune ├── jstransformer@0.0.2
115 silly idealTree:prePrune ├── kind-of@3.2.2
115 silly idealTree:prePrune ├── lazy-cache@1.0.4
115 silly idealTree:prePrune ├── longest@1.0.1
115 silly idealTree:prePrune ├── media-typer@0.3.0
115 silly idealTree:prePrune ├── merge-descriptors@1.0.1
115 silly idealTree:prePrune ├── methods@1.1.2
115 silly idealTree:prePrune ├── mime-db@1.36.0
115 silly idealTree:prePrune ├── mime-types@2.1.20
115 silly idealTree:prePrune ├── mime@1.4.1
115 silly idealTree:prePrune ├── minimist@0.0.8
115 silly idealTree:prePrune ├── mkdirp@0.5.1
115 silly idealTree:prePrune ├── ms@2.0.0
115 silly idealTree:prePrune ├── multer@1.3.1
115 silly idealTree:prePrune ├── nan@2.11.0
115 silly idealTree:prePrune ├── negotiator@0.6.1
115 silly idealTree:prePrune ├── object-assign@3.0.0
115 silly idealTree:prePrune ├── on-finished@2.3.0
115 silly idealTree:prePrune ├── optimist@0.3.7
115 silly idealTree:prePrune ├── parseurl@1.3.2
115 silly idealTree:prePrune ├── path-to-regexp@0.1.7
115 silly idealTree:prePrune ├── process-nextick-args@2.0.0
115 silly idealTree:prePrune ├── promise@6.1.0
115 silly idealTree:prePrune ├── proxy-addr@2.0.4
115 silly idealTree:prePrune ├── qs@6.5.1
115 silly idealTree:prePrune ├── range-parser@1.2.0
115 silly idealTree:prePrune ├─┬ raw-body@2.3.2
115 silly idealTree:prePrune │ ├── depd@1.1.1
115 silly idealTree:prePrune │ ├── http-errors@1.6.2
115 silly idealTree:prePrune │ └── setprototypeof@1.0.3
115 silly idealTree:prePrune ├── readable-stream@1.1.14
115 silly idealTree:prePrune ├── repeat-string@1.6.1
115 silly idealTree:prePrune ├── right-align@0.1.3
115 silly idealTree:prePrune ├── safe-buffer@5.1.1
115 silly idealTree:prePrune ├── safer-buffer@2.1.2
115 silly idealTree:prePrune ├── send@0.16.2
115 silly idealTree:prePrune ├── serve-static@1.13.2
115 silly idealTree:prePrune ├── setprototypeof@1.1.0
115 silly idealTree:prePrune ├── source-map@0.4.4
115 silly idealTree:prePrune ├── statuses@1.4.0
115 silly idealTree:prePrune ├── streamsearch@0.1.2
115 silly idealTree:prePrune ├── string_decoder@0.10.31
115 silly idealTree:prePrune ├─┬ transformers@2.1.0
115 silly idealTree:prePrune │ ├── is-promise@1.0.1
115 silly idealTree:prePrune │ ├── promise@2.0.0
115 silly idealTree:prePrune │ ├── source-map@0.1.43
115 silly idealTree:prePrune │ └── uglify-js@2.2.5
115 silly idealTree:prePrune ├── type-is@1.6.16
115 silly idealTree:prePrune ├── typedarray@0.0.6
115 silly idealTree:prePrune ├─┬ uglify-js@2.8.29
115 silly idealTree:prePrune │ └── source-map@0.5.7
115 silly idealTree:prePrune ├── uglify-to-browserify@1.0.2
115 silly idealTree:prePrune ├── unpipe@1.0.0
115 silly idealTree:prePrune ├── util-deprecate@1.0.2
115 silly idealTree:prePrune ├── utils-merge@1.0.1
115 silly idealTree:prePrune ├── vary@1.1.2
115 silly idealTree:prePrune ├── void-elements@2.0.1
115 silly idealTree:prePrune ├── window-size@0.1.0
115 silly idealTree:prePrune ├─┬ with@4.0.3
115 silly idealTree:prePrune │ └── acorn@1.2.2
115 silly idealTree:prePrune ├── wordwrap@0.0.3
115 silly idealTree:prePrune ├── xtend@4.0.1
115 silly idealTree:prePrune └── yargs@3.10.0
116 silly loadIdealTree Finishing
117 silly currentTree img_up_smurano
117 silly currentTree ├── accepts@1.3.5
117 silly currentTree ├── acorn-globals@1.0.9
117 silly currentTree ├── acorn@2.7.0
117 silly currentTree ├── align-text@0.1.4
117 silly currentTree ├── amdefine@1.0.1
117 silly currentTree ├── append-field@0.1.0
117 silly currentTree ├── array-flatten@1.1.1
117 silly currentTree ├── asap@1.0.0
117 silly currentTree ├─┬ body-parser@1.18.3
117 silly currentTree │ ├── iconv-lite@0.4.23
117 silly currentTree │ ├── qs@6.5.2
117 silly currentTree │ └── raw-body@2.3.3
117 silly currentTree ├── buffer-from@1.1.1
117 silly currentTree ├── busboy@0.2.14
117 silly currentTree ├── bytes@3.0.0
117 silly currentTree ├── camelcase@1.2.1
117 silly currentTree ├── center-align@0.1.3
117 silly currentTree ├── character-parser@1.2.1
117 silly currentTree ├─┬ clean-css@3.4.28
117 silly currentTree │ └── commander@2.8.1
117 silly currentTree ├─┬ cliui@2.1.0
117 silly currentTree │ └── wordwrap@0.0.2
117 silly currentTree ├── commander@2.6.0
117 silly currentTree ├─┬ concat-stream@1.6.2
117 silly currentTree │ ├── isarray@1.0.0
117 silly currentTree │ ├── readable-stream@2.3.6
117 silly currentTree │ └── string_decoder@1.1.1
117 silly currentTree ├── constantinople@3.0.2
117 silly currentTree ├── content-disposition@0.5.2
117 silly currentTree ├── content-type@1.0.4
117 silly currentTree ├── cookie-signature@1.0.6
117 silly currentTree ├── cookie@0.3.1
117 silly currentTree ├── core-util-is@1.0.2
117 silly currentTree ├── css-parse@1.0.4
117 silly currentTree ├── css-stringify@1.0.5
117 silly currentTree ├── css@1.0.8
117 silly currentTree ├── debug@2.6.9
117 silly currentTree ├── decamelize@1.2.0
117 silly currentTree ├── depd@1.1.2
117 silly currentTree ├── destroy@1.0.4
117 silly currentTree ├── dicer@0.2.5
117 silly currentTree ├── ee-first@1.1.1
117 silly currentTree ├── ejs@2.6.1
117 silly currentTree ├── encodeurl@1.0.2
117 silly currentTree ├── escape-html@1.0.3
117 silly currentTree ├── etag@1.8.1
117 silly currentTree ├─┬ express@4.16.3
117 silly currentTree │ └── body-parser@1.18.2
117 silly currentTree ├── finalhandler@1.1.1
117 silly currentTree ├── forwarded@0.1.2
117 silly currentTree ├── fresh@0.5.2
117 silly currentTree ├── graceful-readlink@1.0.1
117 silly currentTree ├── http-errors@1.6.3
117 silly currentTree ├── iconv-lite@0.4.19
117 silly currentTree ├── inherits@2.0.3
117 silly currentTree ├── ipaddr.js@1.8.0
117 silly currentTree ├── is-buffer@1.1.6
117 silly currentTree ├── is-promise@2.1.0
117 silly currentTree ├── isarray@0.0.1
117 silly currentTree ├── jade@1.11.0
117 silly currentTree ├── jstransformer@0.0.2
117 silly currentTree ├── kind-of@3.2.2
117 silly currentTree ├── lazy-cache@1.0.4
117 silly currentTree ├── longest@1.0.1
117 silly currentTree ├── media-typer@0.3.0
117 silly currentTree ├── merge-descriptors@1.0.1
117 silly currentTree ├── methods@1.1.2
117 silly currentTree ├── mime-db@1.36.0
117 silly currentTree ├── mime-types@2.1.20
117 silly currentTree ├── mime@1.4.1
117 silly currentTree ├── minimist@0.0.8
117 silly currentTree ├── mkdirp@0.5.1
117 silly currentTree ├── ms@2.0.0
117 silly currentTree ├── multer@1.3.1
117 silly currentTree ├── negotiator@0.6.1
117 silly currentTree ├── object-assign@3.0.0
117 silly currentTree ├── on-finished@2.3.0
117 silly currentTree ├── optimist@0.3.7
117 silly currentTree ├── parseurl@1.3.2
117 silly currentTree ├── path-to-regexp@0.1.7
117 silly currentTree ├── process-nextick-args@2.0.0
117 silly currentTree ├── promise@6.1.0
117 silly currentTree ├── proxy-addr@2.0.4
117 silly currentTree ├── qs@6.5.1
117 silly currentTree ├── range-parser@1.2.0
117 silly currentTree ├─┬ raw-body@2.3.2
117 silly currentTree │ ├── depd@1.1.1
117 silly currentTree │ ├── http-errors@1.6.2
117 silly currentTree │ └── setprototypeof@1.0.3
117 silly currentTree ├── readable-stream@1.1.14
117 silly currentTree ├── repeat-string@1.6.1
117 silly currentTree ├── right-align@0.1.3
117 silly currentTree ├── safe-buffer@5.1.1
117 silly currentTree ├── safer-buffer@2.1.2
117 silly currentTree ├── send@0.16.2
117 silly currentTree ├── serve-static@1.13.2
117 silly currentTree ├── setprototypeof@1.1.0
117 silly currentTree ├── source-map@0.4.4
117 silly currentTree ├── statuses@1.4.0
117 silly currentTree ├── streamsearch@0.1.2
117 silly currentTree ├── string_decoder@0.10.31
117 silly currentTree ├─┬ transformers@2.1.0
117 silly currentTree │ ├── is-promise@1.0.1
117 silly currentTree │ ├── promise@2.0.0
117 silly currentTree │ ├── source-map@0.1.43
117 silly currentTree │ └── uglify-js@2.2.5
117 silly currentTree ├── type-is@1.6.16
117 silly currentTree ├── typedarray@0.0.6
117 silly currentTree ├─┬ uglify-js@2.8.29
117 silly currentTree │ └── source-map@0.5.7
117 silly currentTree ├── uglify-to-browserify@1.0.2
117 silly currentTree ├── unpipe@1.0.0
117 silly currentTree ├── util-deprecate@1.0.2
117 silly currentTree ├── utils-merge@1.0.1
117 silly currentTree ├── vary@1.1.2
117 silly currentTree ├── void-elements@2.0.1
117 silly currentTree ├── window-size@0.1.0
117 silly currentTree ├─┬ with@4.0.3
117 silly currentTree │ └── acorn@1.2.2
117 silly currentTree ├── wordwrap@0.0.3
117 silly currentTree ├── xtend@4.0.1
117 silly currentTree └── yargs@3.10.0
118 silly idealTree img_up_smurano
118 silly idealTree ├── accepts@1.3.5
118 silly idealTree ├── acorn-globals@1.0.9
118 silly idealTree ├── acorn@2.7.0
118 silly idealTree ├── align-text@0.1.4
118 silly idealTree ├── amdefine@1.0.1
118 silly idealTree ├── append-field@0.1.0
118 silly idealTree ├── array-flatten@1.1.1
118 silly idealTree ├── asap@1.0.0
118 silly idealTree ├─┬ body-parser@1.18.3
118 silly idealTree │ ├── iconv-lite@0.4.23
118 silly idealTree │ ├── qs@6.5.2
118 silly idealTree │ └── raw-body@2.3.3
118 silly idealTree ├── buffer-from@1.1.1
118 silly idealTree ├── busboy@0.2.14
118 silly idealTree ├── bytes@3.0.0
118 silly idealTree ├── camelcase@1.2.1
118 silly idealTree ├── canvas@1.6.11
118 silly idealTree ├── center-align@0.1.3
118 silly idealTree ├── character-parser@1.2.1
118 silly idealTree ├─┬ clean-css@3.4.28
118 silly idealTree │ └── commander@2.8.1
118 silly idealTree ├─┬ cliui@2.1.0
118 silly idealTree │ └── wordwrap@0.0.2
118 silly idealTree ├── commander@2.6.0
118 silly idealTree ├─┬ concat-stream@1.6.2
118 silly idealTree │ ├── isarray@1.0.0
118 silly idealTree │ ├── readable-stream@2.3.6
118 silly idealTree │ └── string_decoder@1.1.1
118 silly idealTree ├── constantinople@3.0.2
118 silly idealTree ├── content-disposition@0.5.2
118 silly idealTree ├── content-type@1.0.4
118 silly idealTree ├── cookie-signature@1.0.6
118 silly idealTree ├── cookie@0.3.1
118 silly idealTree ├── core-util-is@1.0.2
118 silly idealTree ├── css-parse@1.0.4
118 silly idealTree ├── css-stringify@1.0.5
118 silly idealTree ├── css@1.0.8
118 silly idealTree ├── debug@2.6.9
118 silly idealTree ├── decamelize@1.2.0
118 silly idealTree ├── depd@1.1.2
118 silly idealTree ├── destroy@1.0.4
118 silly idealTree ├── dicer@0.2.5
118 silly idealTree ├── ee-first@1.1.1
118 silly idealTree ├── ejs@2.6.1
118 silly idealTree ├── encodeurl@1.0.2
118 silly idealTree ├── escape-html@1.0.3
118 silly idealTree ├── etag@1.8.1
118 silly idealTree ├─┬ express@4.16.3
118 silly idealTree │ └── body-parser@1.18.2
118 silly idealTree ├── finalhandler@1.1.1
118 silly idealTree ├── forwarded@0.1.2
118 silly idealTree ├── fresh@0.5.2
118 silly idealTree ├── graceful-readlink@1.0.1
118 silly idealTree ├── http-errors@1.6.3
118 silly idealTree ├── iconv-lite@0.4.19
118 silly idealTree ├── inherits@2.0.3
118 silly idealTree ├── ipaddr.js@1.8.0
118 silly idealTree ├── is-buffer@1.1.6
118 silly idealTree ├── is-promise@2.1.0
118 silly idealTree ├── isarray@0.0.1
118 silly idealTree ├── jade@1.11.0
118 silly idealTree ├── jstransformer@0.0.2
118 silly idealTree ├── kind-of@3.2.2
118 silly idealTree ├── lazy-cache@1.0.4
118 silly idealTree ├── longest@1.0.1
118 silly idealTree ├── media-typer@0.3.0
118 silly idealTree ├── merge-descriptors@1.0.1
118 silly idealTree ├── methods@1.1.2
118 silly idealTree ├── mime-db@1.36.0
118 silly idealTree ├── mime-types@2.1.20
118 silly idealTree ├── mime@1.4.1
118 silly idealTree ├── minimist@0.0.8
118 silly idealTree ├── mkdirp@0.5.1
118 silly idealTree ├── ms@2.0.0
118 silly idealTree ├── multer@1.3.1
118 silly idealTree ├── nan@2.11.0
118 silly idealTree ├── negotiator@0.6.1
118 silly idealTree ├── object-assign@3.0.0
118 silly idealTree ├── on-finished@2.3.0
118 silly idealTree ├── optimist@0.3.7
118 silly idealTree ├── parseurl@1.3.2
118 silly idealTree ├── path-to-regexp@0.1.7
118 silly idealTree ├── process-nextick-args@2.0.0
118 silly idealTree ├── promise@6.1.0
118 silly idealTree ├── proxy-addr@2.0.4
118 silly idealTree ├── qs@6.5.1
118 silly idealTree ├── range-parser@1.2.0
118 silly idealTree ├─┬ raw-body@2.3.2
118 silly idealTree │ ├── depd@1.1.1
118 silly idealTree │ ├── http-errors@1.6.2
118 silly idealTree │ └── setprototypeof@1.0.3
118 silly idealTree ├── readable-stream@1.1.14
118 silly idealTree ├── repeat-string@1.6.1
118 silly idealTree ├── right-align@0.1.3
118 silly idealTree ├── safe-buffer@5.1.1
118 silly idealTree ├── safer-buffer@2.1.2
118 silly idealTree ├── send@0.16.2
118 silly idealTree ├── serve-static@1.13.2
118 silly idealTree ├── setprototypeof@1.1.0
118 silly idealTree ├── source-map@0.4.4
118 silly idealTree ├── statuses@1.4.0
118 silly idealTree ├── streamsearch@0.1.2
118 silly idealTree ├── string_decoder@0.10.31
118 silly idealTree ├─┬ transformers@2.1.0
118 silly idealTree │ ├── is-promise@1.0.1
118 silly idealTree │ ├── promise@2.0.0
118 silly idealTree │ ├── source-map@0.1.43
118 silly idealTree │ └── uglify-js@2.2.5
118 silly idealTree ├── type-is@1.6.16
118 silly idealTree ├── typedarray@0.0.6
118 silly idealTree ├─┬ uglify-js@2.8.29
118 silly idealTree │ └── source-map@0.5.7
118 silly idealTree ├── uglify-to-browserify@1.0.2
118 silly idealTree ├── unpipe@1.0.0
118 silly idealTree ├── util-deprecate@1.0.2
118 silly idealTree ├── utils-merge@1.0.1
118 silly idealTree ├── vary@1.1.2
118 silly idealTree ├── void-elements@2.0.1
118 silly idealTree ├── window-size@0.1.0
118 silly idealTree ├─┬ with@4.0.3
118 silly idealTree │ └── acorn@1.2.2
118 silly idealTree ├── wordwrap@0.0.3
118 silly idealTree ├── xtend@4.0.1
118 silly idealTree └── yargs@3.10.0
119 silly generateActionsToTake Starting
120 silly install generateActionsToTake
121 silly generateActionsToTake Finishing
122 silly diffTrees action count 7
123 silly diffTrees add nan@2.11.0
124 silly diffTrees update body-parser@1.18.3
125 silly diffTrees add canvas@1.6.11
126 silly diffTrees update ejs@2.6.1
127 silly diffTrees update express@4.16.3
128 silly diffTrees update jade@1.11.0
129 silly diffTrees update multer@1.3.1
130 silly decomposeActions action count 56
131 silly decomposeActions fetch nan@2.11.0
132 silly decomposeActions extract nan@2.11.0
133 silly decomposeActions test nan@2.11.0
134 silly decomposeActions preinstall nan@2.11.0
135 silly decomposeActions build nan@2.11.0
136 silly decomposeActions install nan@2.11.0
137 silly decomposeActions postinstall nan@2.11.0
138 silly decomposeActions finalize nan@2.11.0
139 silly decomposeActions fetch body-parser@1.18.3
140 silly decomposeActions extract body-parser@1.18.3
141 silly decomposeActions test body-parser@1.18.3
142 silly decomposeActions preinstall body-parser@1.18.3
143 silly decomposeActions build body-parser@1.18.3
144 silly decomposeActions install body-parser@1.18.3
145 silly decomposeActions postinstall body-parser@1.18.3
146 silly decomposeActions finalize body-parser@1.18.3
147 silly decomposeActions fetch canvas@1.6.11
148 silly decomposeActions extract canvas@1.6.11
149 silly decomposeActions test canvas@1.6.11
150 silly decomposeActions preinstall canvas@1.6.11
151 silly decomposeActions build canvas@1.6.11
152 silly decomposeActions install canvas@1.6.11
153 silly decomposeActions postinstall canvas@1.6.11
154 silly decomposeActions finalize canvas@1.6.11
155 silly decomposeActions fetch ejs@2.6.1
156 silly decomposeActions extract ejs@2.6.1
157 silly decomposeActions test ejs@2.6.1
158 silly decomposeActions preinstall ejs@2.6.1
159 silly decomposeActions build ejs@2.6.1
160 silly decomposeActions install ejs@2.6.1
161 silly decomposeActions postinstall ejs@2.6.1
162 silly decomposeActions finalize ejs@2.6.1
163 silly decomposeActions fetch express@4.16.3
164 silly decomposeActions extract express@4.16.3
165 silly decomposeActions test express@4.16.3
166 silly decomposeActions preinstall express@4.16.3
167 silly decomposeActions build express@4.16.3
168 silly decomposeActions install express@4.16.3
169 silly decomposeActions postinstall express@4.16.3
170 silly decomposeActions finalize express@4.16.3
171 silly decomposeActions fetch jade@1.11.0
172 silly decomposeActions extract jade@1.11.0
173 silly decomposeActions test jade@1.11.0
174 silly decomposeActions preinstall jade@1.11.0
175 silly decomposeActions build jade@1.11.0
176 silly decomposeActions install jade@1.11.0
177 silly decomposeActions postinstall jade@1.11.0
178 silly decomposeActions finalize jade@1.11.0
179 silly decomposeActions fetch multer@1.3.1
180 silly decomposeActions extract multer@1.3.1
181 silly decomposeActions test multer@1.3.1
182 silly decomposeActions preinstall multer@1.3.1
183 silly decomposeActions build multer@1.3.1
184 silly decomposeActions install multer@1.3.1
185 silly decomposeActions postinstall multer@1.3.1
186 silly decomposeActions finalize multer@1.3.1
187 silly executeActions Starting
188 silly install executeActions
189 silly doSerial global-install 0
190 silly doParallel fetch 7
191 verbose lock using /home/smurano/.npm/_locks/staging-aed06b06c0d18ba3.lock for /mnt/c/Users/smura/develop/Nodejs/img_up_smurano/node_modules/.staging
192 silly doParallel extract 7
193 silly extract nan@2.11.0
194 silly extract body-parser@1.18.3
195 silly extract canvas@1.6.11
196 silly extract ejs@2.6.1
197 silly extract express@4.16.3
198 silly extract jade@1.11.0
199 silly extract multer@1.3.1
200 silly addNamed body-parser@1.18.3
201 verbose addNamed "1.18.3" is a plain semver version for body-parser
202 silly mapToRegistry name body-parser
203 silly mapToRegistry using default registry
204 silly mapToRegistry registry https://registry.npmjs.org/
205 silly mapToRegistry uri https://registry.npmjs.org/body-parser
206 verbose addNameVersion registry:https://registry.npmjs.org/body-parser not in flight; fetching
207 silly addNamed ejs@2.6.1
208 verbose addNamed "2.6.1" is a plain semver version for ejs
209 silly mapToRegistry name ejs
210 silly mapToRegistry using default registry
211 silly mapToRegistry registry https://registry.npmjs.org/
212 silly mapToRegistry uri https://registry.npmjs.org/ejs
213 verbose addNameVersion registry:https://registry.npmjs.org/ejs not in flight; fetching
214 silly addNamed express@4.16.3
215 verbose addNamed "4.16.3" is a plain semver version for express
216 silly mapToRegistry name express
217 silly mapToRegistry using default registry
218 silly mapToRegistry registry https://registry.npmjs.org/
219 silly mapToRegistry uri https://registry.npmjs.org/express
220 verbose addNameVersion registry:https://registry.npmjs.org/express not in flight; fetching
221 silly addNamed jade@1.11.0
222 verbose addNamed "1.11.0" is a plain semver version for jade
223 silly mapToRegistry name jade
224 silly mapToRegistry using default registry
225 silly mapToRegistry registry https://registry.npmjs.org/
226 silly mapToRegistry uri https://registry.npmjs.org/jade
227 verbose addNameVersion registry:https://registry.npmjs.org/jade not in flight; fetching
228 silly addNamed multer@1.3.1
229 verbose addNamed "1.3.1" is a plain semver version for multer
230 silly mapToRegistry name multer
231 silly mapToRegistry using default registry
232 silly mapToRegistry registry https://registry.npmjs.org/
233 silly mapToRegistry uri https://registry.npmjs.org/multer
234 verbose addNameVersion registry:https://registry.npmjs.org/multer not in flight; fetching
235 verbose request uri https://registry.npmjs.org/body-parser
236 verbose request no auth needed
237 info attempt registry request try #1 at 23:01:01
238 http request GET https://registry.npmjs.org/body-parser
239 verbose request uri https://registry.npmjs.org/ejs
240 verbose request no auth needed
241 info attempt registry request try #1 at 23:01:01
242 http request GET https://registry.npmjs.org/ejs
243 verbose request uri https://registry.npmjs.org/express
244 verbose request no auth needed
245 info attempt registry request try #1 at 23:01:01
246 http request GET https://registry.npmjs.org/express
247 verbose request uri https://registry.npmjs.org/jade
248 verbose request no auth needed
249 info attempt registry request try #1 at 23:01:01
250 http request GET https://registry.npmjs.org/jade
251 verbose request uri https://registry.npmjs.org/multer
252 verbose request no auth needed
253 info attempt registry request try #1 at 23:01:01
254 http request GET https://registry.npmjs.org/multer
255 verbose unbuild node_modules/.staging/nan-e448d3d0
256 verbose unbuild node_modules/.staging/canvas-25e36d6a
257 silly gentlyRm /mnt/c/Users/smura/develop/Nodejs/img_up_smurano/node_modules/.staging/nan-e448d3d0 is being purged from base /mnt/c/Users/smura/develop/Nodejs/img_up_smurano
258 verbose gentlyRm don't care about contents; nuking /mnt/c/Users/smura/develop/Nodejs/img_up_smurano/node_modules/.staging/nan-e448d3d0
259 silly gentlyRm /mnt/c/Users/smura/develop/Nodejs/img_up_smurano/node_modules/.staging/canvas-25e36d6a is being purged from base /mnt/c/Users/smura/develop/Nodejs/img_up_smurano
260 verbose gentlyRm don't care about contents; nuking /mnt/c/Users/smura/develop/Nodejs/img_up_smurano/node_modules/.staging/canvas-25e36d6a
261 verbose tar unpack /home/smurano/.npm/nan/2.11.0/package.tgz
262 verbose tar unpacking to /mnt/c/Users/smura/develop/Nodejs/img_up_smurano/node_modules/.staging/nan-e448d3d0
263 silly gentlyRm /mnt/c/Users/smura/develop/Nodejs/img_up_smurano/node_modules/.staging/nan-e448d3d0 is being purged
264 verbose gentlyRm don't care about contents; nuking /mnt/c/Users/smura/develop/Nodejs/img_up_smurano/node_modules/.staging/nan-e448d3d0
265 verbose tar unpack /home/smurano/.npm/canvas/1.6.11/package.tgz
266 verbose tar unpacking to /mnt/c/Users/smura/develop/Nodejs/img_up_smurano/node_modules/.staging/canvas-25e36d6a
267 silly gentlyRm /mnt/c/Users/smura/develop/Nodejs/img_up_smurano/node_modules/.staging/canvas-25e36d6a is being purged
268 verbose gentlyRm don't care about contents; nuking /mnt/c/Users/smura/develop/Nodejs/img_up_smurano/node_modules/.staging/canvas-25e36d6a
269 silly gunzTarPerm modes [ '777', '666' ]
270 silly gunzTarPerm modes [ '777', '666' ]
271 silly gunzTarPerm extractEntry package.json
272 silly gunzTarPerm modified mode [ 'package.json', 436, 438 ]
273 silly gunzTarPerm extractEntry package.json
274 silly gunzTarPerm modified mode [ 'package.json', 420, 438 ]
275 silly gunzTarPerm extractEntry CHANGELOG.md
276 silly gunzTarPerm modified mode [ 'CHANGELOG.md', 436, 438 ]
277 silly gunzTarPerm extractEntry .travis.yml
278 silly gunzTarPerm modified mode [ '.travis.yml', 420, 438 ]
279 silly gunzTarPerm extractEntry binding.gyp
280 silly gunzTarPerm modified mode [ 'binding.gyp', 493, 511 ]
281 silly gunzTarPerm extractEntry include_dirs.js
282 silly gunzTarPerm modified mode [ 'include_dirs.js', 436, 438 ]
283 silly gunzTarPerm extractEntry LICENSE.md
284 silly gunzTarPerm modified mode [ 'LICENSE.md', 436, 438 ]
285 silly gunzTarPerm extractEntry nan_callbacks_12_inl.h
286 silly gunzTarPerm modified mode [ 'nan_callbacks_12_inl.h', 436, 438 ]
287 silly gunzTarPerm extractEntry nan_callbacks_pre_12_inl.h
288 silly gunzTarPerm modified mode [ 'nan_callbacks_pre_12_inl.h', 436, 438 ]
289 silly gunzTarPerm extractEntry History.md
290 silly gunzTarPerm modified mode [ 'History.md', 420, 438 ]
291 silly gunzTarPerm extractEntry index.js
292 silly gunzTarPerm modified mode [ 'index.js', 420, 438 ]
293 silly gunzTarPerm extractEntry Readme.md
294 silly gunzTarPerm modified mode [ 'Readme.md', 420, 438 ]
295 silly gunzTarPerm extractEntry .github/ISSUE_TEMPLATE.md
296 silly gunzTarPerm modified mode [ '.github/ISSUE_TEMPLATE.md', 420, 438 ]
297 silly gunzTarPerm extractEntry .vscode/c_cpp_properties.json
298 silly gunzTarPerm modified mode [ '.vscode/c_cpp_properties.json', 420, 438 ]
299 silly gunzTarPerm extractEntry .vscode/settings.json
300 silly gunzTarPerm modified mode [ '.vscode/settings.json', 420, 438 ]
301 silly gunzTarPerm extractEntry lib/bindings.js
302 silly gunzTarPerm modified mode [ 'lib/bindings.js', 420, 438 ]
303 silly gunzTarPerm extractEntry lib/canvas.js
304 silly gunzTarPerm modified mode [ 'lib/canvas.js', 420, 438 ]
305 silly gunzTarPerm extractEntry lib/context2d.js
306 silly gunzTarPerm modified mode [ 'lib/context2d.js', 420, 438 ]
307 silly gunzTarPerm extractEntry lib/image.js
308 silly gunzTarPerm modified mode [ 'lib/image.js', 420, 438 ]
309 silly gunzTarPerm extractEntry lib/jpegstream.js
310 silly gunzTarPerm modified mode [ 'lib/jpegstream.js', 420, 438 ]
311 silly gunzTarPerm extractEntry lib/parse-font.js
312 silly gunzTarPerm modified mode [ 'lib/parse-font.js', 420, 438 ]
313 silly gunzTarPerm extractEntry lib/pdfstream.js
314 silly gunzTarPerm modified mode [ 'lib/pdfstream.js', 420, 438 ]
315 silly gunzTarPerm extractEntry lib/pngstream.js
316 silly gunzTarPerm modified mode [ 'lib/pngstream.js', 420, 438 ]
317 silly gunzTarPerm extractEntry src/Canvas.cc
318 silly gunzTarPerm modified mode [ 'src/Canvas.cc', 420, 438 ]
319 silly gunzTarPerm extractEntry src/Canvas.h
320 silly gunzTarPerm modified mode [ 'src/Canvas.h', 420, 438 ]
321 silly gunzTarPerm extractEntry src/CanvasGradient.cc
322 silly gunzTarPerm modified mode [ 'src/CanvasGradient.cc', 420, 438 ]
323 silly gunzTarPerm extractEntry src/CanvasGradient.h
324 silly gunzTarPerm modified mode [ 'src/CanvasGradient.h', 420, 438 ]
325 silly gunzTarPerm extractEntry src/CanvasPattern.cc
326 silly gunzTarPerm modified mode [ 'src/CanvasPattern.cc', 420, 438 ]
327 silly gunzTarPerm extractEntry src/CanvasPattern.h
328 silly gunzTarPerm modified mode [ 'src/CanvasPattern.h', 420, 438 ]
329 silly gunzTarPerm extractEntry src/CanvasRenderingContext2d.cc
330 silly gunzTarPerm modified mode [ 'src/CanvasRenderingContext2d.cc', 493, 511 ]
331 silly gunzTarPerm extractEntry src/CanvasRenderingContext2d.h
332 silly gunzTarPerm modified mode [ 'src/CanvasRenderingContext2d.h', 420, 438 ]
333 silly gunzTarPerm extractEntry src/closure.h
334 silly gunzTarPerm modified mode [ 'src/closure.h', 420, 438 ]
335 silly gunzTarPerm extractEntry src/color.cc
336 silly gunzTarPerm modified mode [ 'src/color.cc', 420, 438 ]
337 silly gunzTarPerm extractEntry src/color.h
338 silly gunzTarPerm modified mode [ 'src/color.h', 420, 438 ]
339 silly gunzTarPerm extractEntry src/FontFace.cc
340 silly gunzTarPerm modified mode [ 'src/FontFace.cc', 493, 511 ]
341 silly gunzTarPerm extractEntry src/FontFace.h
342 silly gunzTarPerm modified mode [ 'src/FontFace.h', 420, 438 ]
343 silly gunzTarPerm extractEntry src/Image.cc
344 silly gunzTarPerm modified mode [ 'src/Image.cc', 420, 438 ]
345 silly gunzTarPerm extractEntry src/Image.h
346 silly gunzTarPerm modified mode [ 'src/Image.h', 420, 438 ]
347 silly gunzTarPerm extractEntry src/ImageData.cc
348 silly gunzTarPerm modified mode [ 'src/ImageData.cc', 420, 438 ]
349 silly gunzTarPerm extractEntry src/ImageData.h
350 silly gunzTarPerm modified mode [ 'src/ImageData.h', 420, 438 ]
351 silly gunzTarPerm extractEntry src/init.cc
352 silly gunzTarPerm modified mode [ 'src/init.cc', 493, 511 ]
353 silly gunzTarPerm extractEntry src/JPEGStream.h
354 silly gunzTarPerm modified mode [ 'src/JPEGStream.h', 420, 438 ]
355 silly gunzTarPerm extractEntry src/PNG.h
356 silly gunzTarPerm modified mode [ 'src/PNG.h', 420, 438 ]
357 silly gunzTarPerm extractEntry src/Point.h
358 silly gunzTarPerm modified mode [ 'src/Point.h', 420, 438 ]
359 silly gunzTarPerm extractEntry util/has_lib.sh
360 silly gunzTarPerm modified mode [ 'util/has_lib.sh', 493, 511 ]
361 silly gunzTarPerm extractEntry nan_callbacks.h
362 silly gunzTarPerm modified mode [ 'nan_callbacks.h', 436, 438 ]
363 silly gunzTarPerm extractEntry nan_converters_43_inl.h
364 silly gunzTarPerm modified mode [ 'nan_converters_43_inl.h', 436, 438 ]
365 silly gunzTarPerm extractEntry nan_converters_pre_43_inl.h
366 silly gunzTarPerm modified mode [ 'nan_converters_pre_43_inl.h', 436, 438 ]
367 http 200 https://registry.npmjs.org/ejs
368 verbose headers { date: 'Wed, 05 Sep 2018 14:01:00 GMT',
368 verbose headers   'content-type': 'application/json; charset=UTF-8',
368 verbose headers   'transfer-encoding': 'chunked',
368 verbose headers   connection: 'keep-alive',
368 verbose headers   'set-cookie': [ '__cfduid=d7b96e2ee613a65265a134cc1400a1db51536156060; expires=Thu, 05-Sep-19 14:01:00 GMT; path=/; domain=.registry.npmjs.org; HttpOnly' ],
368 verbose headers   'cf-cache-status': 'HIT',
368 verbose headers   'cache-control': 'max-age=300',
368 verbose headers   'cf-ray': '455939b1bcd2a53c-NRT',
368 verbose headers   etag: 'W/"17682c484328abcd2ddf27bad35a86eb"',
368 verbose headers   'expect-ct': 'max-age=604800, report-uri="https://report-uri.cloudflare.com/cdn-cgi/beacon/expect-ct"',
368 verbose headers   'last-modified': 'Sat, 26 May 2018 22:51:16 GMT',
368 verbose headers   vary: 'accept-encoding, accept',
368 verbose headers   server: 'cloudflare',
368 verbose headers   'content-encoding': 'gzip' }
369 silly get cb [ 200,
369 silly get   { date: 'Wed, 05 Sep 2018 14:01:00 GMT',
369 silly get     'content-type': 'application/json; charset=UTF-8',
369 silly get     'transfer-encoding': 'chunked',
369 silly get     connection: 'keep-alive',
369 silly get     'set-cookie': [ '__cfduid=d7b96e2ee613a65265a134cc1400a1db51536156060; expires=Thu, 05-Sep-19 14:01:00 GMT; path=/; domain=.registry.npmjs.org; HttpOnly' ],
369 silly get     'cf-cache-status': 'HIT',
369 silly get     'cache-control': 'max-age=300',
369 silly get     'cf-ray': '455939b1bcd2a53c-NRT',
369 silly get     etag: 'W/"17682c484328abcd2ddf27bad35a86eb"',
369 silly get     'expect-ct': 'max-age=604800, report-uri="https://report-uri.cloudflare.com/cdn-cgi/beacon/expect-ct"',
369 silly get     'last-modified': 'Sat, 26 May 2018 22:51:16 GMT',
369 silly get     vary: 'accept-encoding, accept',
369 silly get     server: 'cloudflare',
369 silly get     'content-encoding': 'gzip' } ]
370 verbose get saving ejs to /home/smurano/.npm/registry.npmjs.org/ejs/.cache.json
371 http 200 https://registry.npmjs.org/body-parser
372 verbose headers { date: 'Wed, 05 Sep 2018 14:01:00 GMT',
372 verbose headers   'content-type': 'application/json; charset=UTF-8',
372 verbose headers   'transfer-encoding': 'chunked',
372 verbose headers   connection: 'keep-alive',
372 verbose headers   'set-cookie': [ '__cfduid=d849abee40091fb4442b24da766c8b3001536156060; expires=Thu, 05-Sep-19 14:01:00 GMT; path=/; domain=.registry.npmjs.org; HttpOnly' ],
372 verbose headers   'cf-cache-status': 'HIT',
372 verbose headers   'cache-control': 'max-age=300',
372 verbose headers   'cf-ray': '455939b1a8109469-NRT',
372 verbose headers   etag: 'W/"247d19400f6d89c9ace982917be1d9e4"',
372 verbose headers   'expect-ct': 'max-age=604800, report-uri="https://report-uri.cloudflare.com/cdn-cgi/beacon/expect-ct"',
372 verbose headers   'last-modified': 'Thu, 02 Aug 2018 09:56:30 GMT',
372 verbose headers   vary: 'accept-encoding, accept',
372 verbose headers   server: 'cloudflare',
372 verbose headers   'content-encoding': 'gzip' }
373 silly get cb [ 200,
373 silly get   { date: 'Wed, 05 Sep 2018 14:01:00 GMT',
373 silly get     'content-type': 'application/json; charset=UTF-8',
373 silly get     'transfer-encoding': 'chunked',
373 silly get     connection: 'keep-alive',
373 silly get     'set-cookie': [ '__cfduid=d849abee40091fb4442b24da766c8b3001536156060; expires=Thu, 05-Sep-19 14:01:00 GMT; path=/; domain=.registry.npmjs.org; HttpOnly' ],
373 silly get     'cf-cache-status': 'HIT',
373 silly get     'cache-control': 'max-age=300',
373 silly get     'cf-ray': '455939b1a8109469-NRT',
373 silly get     etag: 'W/"247d19400f6d89c9ace982917be1d9e4"',
373 silly get     'expect-ct': 'max-age=604800, report-uri="https://report-uri.cloudflare.com/cdn-cgi/beacon/expect-ct"',
373 silly get     'last-modified': 'Thu, 02 Aug 2018 09:56:30 GMT',
373 silly get     vary: 'accept-encoding, accept',
373 silly get     server: 'cloudflare',
373 silly get     'content-encoding': 'gzip' } ]
374 verbose get saving body-parser to /home/smurano/.npm/registry.npmjs.org/body-parser/.cache.json
375 http 200 https://registry.npmjs.org/multer
376 verbose headers { date: 'Wed, 05 Sep 2018 14:01:00 GMT',
376 verbose headers   'content-type': 'application/json; charset=UTF-8',
376 verbose headers   'transfer-encoding': 'chunked',
376 verbose headers   connection: 'keep-alive',
376 verbose headers   'set-cookie': [ '__cfduid=d2bf90000676b5846694c45097b20aa4d1536156060; expires=Thu, 05-Sep-19 14:01:00 GMT; path=/; domain=.registry.npmjs.org; HttpOnly' ],
376 verbose headers   'cf-cache-status': 'HIT',
376 verbose headers   'cache-control': 'max-age=300',
376 verbose headers   'cf-ray': '455939b21da8a542-NRT',
376 verbose headers   etag: 'W/"3989892aeaf93582288eecb8b0d9fc08"',
376 verbose headers   'expect-ct': 'max-age=604800, report-uri="https://report-uri.cloudflare.com/cdn-cgi/beacon/expect-ct"',
376 verbose headers   'last-modified': 'Fri, 03 Aug 2018 00:35:41 GMT',
376 verbose headers   vary: 'accept-encoding, accept',
376 verbose headers   server: 'cloudflare',
376 verbose headers   'content-encoding': 'gzip' }
377 silly get cb [ 200,
377 silly get   { date: 'Wed, 05 Sep 2018 14:01:00 GMT',
377 silly get     'content-type': 'application/json; charset=UTF-8',
377 silly get     'transfer-encoding': 'chunked',
377 silly get     connection: 'keep-alive',
377 silly get     'set-cookie': [ '__cfduid=d2bf90000676b5846694c45097b20aa4d1536156060; expires=Thu, 05-Sep-19 14:01:00 GMT; path=/; domain=.registry.npmjs.org; HttpOnly' ],
377 silly get     'cf-cache-status': 'HIT',
377 silly get     'cache-control': 'max-age=300',
377 silly get     'cf-ray': '455939b21da8a542-NRT',
377 silly get     etag: 'W/"3989892aeaf93582288eecb8b0d9fc08"',
377 silly get     'expect-ct': 'max-age=604800, report-uri="https://report-uri.cloudflare.com/cdn-cgi/beacon/expect-ct"',
377 silly get     'last-modified': 'Fri, 03 Aug 2018 00:35:41 GMT',
377 silly get     vary: 'accept-encoding, accept',
377 silly get     server: 'cloudflare',
377 silly get     'content-encoding': 'gzip' } ]
378 verbose get saving multer to /home/smurano/.npm/registry.npmjs.org/multer/.cache.json
379 silly gunzTarPerm extractEntry nan_converters.h
380 silly gunzTarPerm modified mode [ 'nan_converters.h', 436, 438 ]
381 silly gunzTarPerm extractEntry nan_define_own_property_helper.h
382 silly gunzTarPerm modified mode [ 'nan_define_own_property_helper.h', 436, 438 ]
383 silly mapToRegistry name ejs
384 silly mapToRegistry using default registry
385 silly mapToRegistry registry https://registry.npmjs.org/
386 silly mapToRegistry uri https://registry.npmjs.org/ejs
387 verbose addRemoteTarball https://registry.npmjs.org/ejs/-/ejs-2.6.1.tgz not in flight; adding
388 verbose addRemoteTarball [ 'https://registry.npmjs.org/ejs/-/ejs-2.6.1.tgz',
388 verbose addRemoteTarball   '498ec0d495655abc6f23cd61868d926464071aa0' ]
389 silly mapToRegistry name body-parser
390 silly mapToRegistry using default registry
391 silly mapToRegistry registry https://registry.npmjs.org/
392 silly mapToRegistry uri https://registry.npmjs.org/body-parser
393 verbose addRemoteTarball https://registry.npmjs.org/body-parser/-/body-parser-1.18.3.tgz not in flight; adding
394 verbose addRemoteTarball [ 'https://registry.npmjs.org/body-parser/-/body-parser-1.18.3.tgz',
394 verbose addRemoteTarball   '5b292198ffdd553b3a0f20ded0592b956955c8b4' ]
395 http 200 https://registry.npmjs.org/jade
396 verbose headers { date: 'Wed, 05 Sep 2018 14:01:00 GMT',
396 verbose headers   'content-type': 'application/json; charset=UTF-8',
396 verbose headers   'transfer-encoding': 'chunked',
396 verbose headers   connection: 'keep-alive',
396 verbose headers   'set-cookie': [ '__cfduid=da82b48ccfdd9bc0b071152c56ab3b9871536156060; expires=Thu, 05-Sep-19 14:01:00 GMT; path=/; domain=.registry.npmjs.org; HttpOnly' ],
396 verbose headers   'cf-cache-status': 'HIT',
396 verbose headers   'cache-control': 'max-age=300',
396 verbose headers   'cf-ray': '455939b218dd9553-NRT',
396 verbose headers   etag: 'W/"33389183c19cfe9e329dfe1b576079c9"',
396 verbose headers   'expect-ct': 'max-age=604800, report-uri="https://report-uri.cloudflare.com/cdn-cgi/beacon/expect-ct"',
396 verbose headers   'last-modified': 'Fri, 03 Aug 2018 00:38:51 GMT',
396 verbose headers   vary: 'accept-encoding, accept',
396 verbose headers   server: 'cloudflare',
396 verbose headers   'content-encoding': 'gzip' }
397 silly get cb [ 200,
397 silly get   { date: 'Wed, 05 Sep 2018 14:01:00 GMT',
397 silly get     'content-type': 'application/json; charset=UTF-8',
397 silly get     'transfer-encoding': 'chunked',
397 silly get     connection: 'keep-alive',
397 silly get     'set-cookie': [ '__cfduid=da82b48ccfdd9bc0b071152c56ab3b9871536156060; expires=Thu, 05-Sep-19 14:01:00 GMT; path=/; domain=.registry.npmjs.org; HttpOnly' ],
397 silly get     'cf-cache-status': 'HIT',
397 silly get     'cache-control': 'max-age=300',
397 silly get     'cf-ray': '455939b218dd9553-NRT',
397 silly get     etag: 'W/"33389183c19cfe9e329dfe1b576079c9"',
397 silly get     'expect-ct': 'max-age=604800, report-uri="https://report-uri.cloudflare.com/cdn-cgi/beacon/expect-ct"',
397 silly get     'last-modified': 'Fri, 03 Aug 2018 00:38:51 GMT',
397 silly get     vary: 'accept-encoding, accept',
397 silly get     server: 'cloudflare',
397 silly get     'content-encoding': 'gzip' } ]
398 verbose get saving jade to /home/smurano/.npm/registry.npmjs.org/jade/.cache.json
399 info retry fetch attempt 1 at 23:01:01
400 info attempt registry request try #1 at 23:01:01
401 http fetch GET https://registry.npmjs.org/ejs/-/ejs-2.6.1.tgz
402 silly mapToRegistry name multer
403 silly mapToRegistry using default registry
404 silly mapToRegistry registry https://registry.npmjs.org/
405 silly mapToRegistry uri https://registry.npmjs.org/multer
406 verbose addRemoteTarball https://registry.npmjs.org/multer/-/multer-1.3.1.tgz not in flight; adding
407 verbose addRemoteTarball [ 'https://registry.npmjs.org/multer/-/multer-1.3.1.tgz',
407 verbose addRemoteTarball   'c3fb3b35f50c7eefe873532f90d3dde02ce6e040' ]
408 info retry fetch attempt 1 at 23:01:01
409 info attempt registry request try #1 at 23:01:01
410 http fetch GET https://registry.npmjs.org/body-parser/-/body-parser-1.18.3.tgz
411 silly gunzTarPerm extractEntry nan_implementation_12_inl.h
412 silly gunzTarPerm modified mode [ 'nan_implementation_12_inl.h', 436, 438 ]
413 silly gunzTarPerm extractEntry nan_implementation_pre_12_inl.h
414 silly gunzTarPerm modified mode [ 'nan_implementation_pre_12_inl.h', 436, 438 ]
415 silly gunzTarPerm extractEntry nan_json.h
416 silly gunzTarPerm modified mode [ 'nan_json.h', 436, 438 ]
417 info retry fetch attempt 1 at 23:01:01
418 info attempt registry request try #1 at 23:01:01
419 http fetch GET https://registry.npmjs.org/multer/-/multer-1.3.1.tgz
420 silly gunzTarPerm extractEntry nan_maybe_43_inl.h
421 silly gunzTarPerm modified mode [ 'nan_maybe_43_inl.h', 436, 438 ]
422 warn deprecated jade@1.11.0: Jade has been renamed to pug, please install the latest version of pug instead of jade
423 silly mapToRegistry name jade
424 silly mapToRegistry using default registry
425 silly mapToRegistry registry https://registry.npmjs.org/
426 silly mapToRegistry uri https://registry.npmjs.org/jade
427 verbose addRemoteTarball https://registry.npmjs.org/jade/-/jade-1.11.0.tgz not in flight; adding
428 verbose addRemoteTarball [ 'https://registry.npmjs.org/jade/-/jade-1.11.0.tgz',
428 verbose addRemoteTarball   '9c80e538c12d3fb95c8d9bb9559fa0cc040405fd' ]
429 info retry fetch attempt 1 at 23:01:01
430 info attempt registry request try #1 at 23:01:01
431 http fetch GET https://registry.npmjs.org/jade/-/jade-1.11.0.tgz
432 silly gunzTarPerm extractEntry nan_maybe_pre_43_inl.h
433 silly gunzTarPerm modified mode [ 'nan_maybe_pre_43_inl.h', 436, 438 ]
434 silly gunzTarPerm extractEntry nan_new.h
435 silly gunzTarPerm modified mode [ 'nan_new.h', 436, 438 ]
436 silly gunzTarPerm extractEntry nan_object_wrap.h
437 silly gunzTarPerm modified mode [ 'nan_object_wrap.h', 436, 438 ]
438 http 200 https://registry.npmjs.org/express
439 verbose headers { date: 'Wed, 05 Sep 2018 14:01:00 GMT',
439 verbose headers   'content-type': 'application/json; charset=UTF-8',
439 verbose headers   'transfer-encoding': 'chunked',
439 verbose headers   connection: 'keep-alive',
439 verbose headers   'set-cookie': [ '__cfduid=dbed13b20b05293c2e0f711576bdf6bf41536156060; expires=Thu, 05-Sep-19 14:01:00 GMT; path=/; domain=.registry.npmjs.org; HttpOnly' ],
439 verbose headers   'cf-cache-status': 'HIT',
439 verbose headers   'cache-control': 'max-age=300',
439 verbose headers   'cf-ray': '455939b1bd47a566-NRT',
439 verbose headers   etag: 'W/"3f599997891583f52a208a4c803ea79d"',
439 verbose headers   'expect-ct': 'max-age=604800, report-uri="https://report-uri.cloudflare.com/cdn-cgi/beacon/expect-ct"',
439 verbose headers   'last-modified': 'Mon, 27 Aug 2018 18:55:45 GMT',
439 verbose headers   vary: 'accept-encoding, accept',
439 verbose headers   server: 'cloudflare',
439 verbose headers   'content-encoding': 'gzip' }
440 silly get cb [ 200,
440 silly get   { date: 'Wed, 05 Sep 2018 14:01:00 GMT',
440 silly get     'content-type': 'application/json; charset=UTF-8',
440 silly get     'transfer-encoding': 'chunked',
440 silly get     connection: 'keep-alive',
440 silly get     'set-cookie': [ '__cfduid=dbed13b20b05293c2e0f711576bdf6bf41536156060; expires=Thu, 05-Sep-19 14:01:00 GMT; path=/; domain=.registry.npmjs.org; HttpOnly' ],
440 silly get     'cf-cache-status': 'HIT',
440 silly get     'cache-control': 'max-age=300',
440 silly get     'cf-ray': '455939b1bd47a566-NRT',
440 silly get     etag: 'W/"3f599997891583f52a208a4c803ea79d"',
440 silly get     'expect-ct': 'max-age=604800, report-uri="https://report-uri.cloudflare.com/cdn-cgi/beacon/expect-ct"',
440 silly get     'last-modified': 'Mon, 27 Aug 2018 18:55:45 GMT',
440 silly get     vary: 'accept-encoding, accept',
440 silly get     server: 'cloudflare',
440 silly get     'content-encoding': 'gzip' } ]
441 verbose get saving express to /home/smurano/.npm/registry.npmjs.org/express/.cache.json
442 http fetch 200 https://registry.npmjs.org/ejs/-/ejs-2.6.1.tgz
443 silly gunzTarPerm extractEntry nan_persistent_12_inl.h
444 silly gunzTarPerm modified mode [ 'nan_persistent_12_inl.h', 436, 438 ]
445 silly gunzTarPerm extractEntry nan_persistent_pre_12_inl.h
446 silly gunzTarPerm modified mode [ 'nan_persistent_pre_12_inl.h', 436, 438 ]
447 http fetch 200 https://registry.npmjs.org/body-parser/-/body-parser-1.18.3.tgz
448 silly mapToRegistry name express
449 silly mapToRegistry using default registry
450 silly mapToRegistry registry https://registry.npmjs.org/
451 silly mapToRegistry uri https://registry.npmjs.org/express
452 verbose addRemoteTarball https://registry.npmjs.org/express/-/express-4.16.3.tgz not in flight; adding
453 verbose addRemoteTarball [ 'https://registry.npmjs.org/express/-/express-4.16.3.tgz',
453 verbose addRemoteTarball   '6af8a502350db3246ecc4becf6b5a34d22f7ed53' ]
454 http fetch 200 https://registry.npmjs.org/multer/-/multer-1.3.1.tgz
455 silly fetchAndShaCheck shasum 498ec0d495655abc6f23cd61868d926464071aa0
456 info retry fetch attempt 1 at 23:01:01
457 info attempt registry request try #1 at 23:01:01
458 http fetch GET https://registry.npmjs.org/express/-/express-4.16.3.tgz
459 silly fetchAndShaCheck shasum 5b292198ffdd553b3a0f20ded0592b956955c8b4
460 silly fetchAndShaCheck shasum c3fb3b35f50c7eefe873532f90d3dde02ce6e040
461 verbose addTmpTarball /tmp/npm-44-08aaba80/registry.npmjs.org/ejs/-/ejs-2.6.1.tgz not in flight; adding
462 verbose addTmpTarball already have metadata; skipping unpack for ejs@2.6.1
463 silly gunzTarPerm extractEntry nan_private.h
464 silly gunzTarPerm modified mode [ 'nan_private.h', 436, 438 ]
465 silly gunzTarPerm extractEntry nan_string_bytes.h
466 silly gunzTarPerm modified mode [ 'nan_string_bytes.h', 436, 438 ]
467 http fetch 200 https://registry.npmjs.org/jade/-/jade-1.11.0.tgz
468 verbose addTmpTarball /tmp/npm-44-08aaba80/registry.npmjs.org/body-parser/-/body-parser-1.18.3.tgz not in flight; adding
469 verbose addTmpTarball already have metadata; skipping unpack for body-parser@1.18.3
470 verbose addTmpTarball /tmp/npm-44-08aaba80/registry.npmjs.org/multer/-/multer-1.3.1.tgz not in flight; adding
471 verbose addTmpTarball already have metadata; skipping unpack for multer@1.3.1
472 silly gunzTarPerm extractEntry nan_typedarray_contents.h
473 silly gunzTarPerm modified mode [ 'nan_typedarray_contents.h', 436, 438 ]
474 silly gunzTarPerm extractEntry nan_weak.h
475 silly gunzTarPerm modified mode [ 'nan_weak.h', 436, 438 ]
476 silly fetchAndShaCheck shasum 9c80e538c12d3fb95c8d9bb9559fa0cc040405fd
477 verbose unbuild node_modules/.staging/ejs-30410ccb
478 verbose unbuild node_modules/.staging/body-parser-723d6d8f
479 silly gentlyRm /mnt/c/Users/smura/develop/Nodejs/img_up_smurano/node_modules/.staging/ejs-30410ccb is being purged from base /mnt/c/Users/smura/develop/Nodejs/img_up_smurano
480 verbose gentlyRm don't care about contents; nuking /mnt/c/Users/smura/develop/Nodejs/img_up_smurano/node_modules/.staging/ejs-30410ccb
481 silly gentlyRm /mnt/c/Users/smura/develop/Nodejs/img_up_smurano/node_modules/.staging/body-parser-723d6d8f is being purged from base /mnt/c/Users/smura/develop/Nodejs/img_up_smurano
482 verbose gentlyRm don't care about contents; nuking /mnt/c/Users/smura/develop/Nodejs/img_up_smurano/node_modules/.staging/body-parser-723d6d8f
483 verbose unbuild node_modules/.staging/multer-977a1969
484 http fetch 200 https://registry.npmjs.org/express/-/express-4.16.3.tgz
485 silly gunzTarPerm extractEntry nan.h
486 silly gunzTarPerm modified mode [ 'nan.h', 436, 438 ]
487 verbose tar unpack /home/smurano/.npm/body-parser/1.18.3/package.tgz
488 verbose tar unpacking to /mnt/c/Users/smura/develop/Nodejs/img_up_smurano/node_modules/.staging/body-parser-723d6d8f
489 silly gentlyRm /mnt/c/Users/smura/develop/Nodejs/img_up_smurano/node_modules/.staging/body-parser-723d6d8f is being purged
490 verbose gentlyRm don't care about contents; nuking /mnt/c/Users/smura/develop/Nodejs/img_up_smurano/node_modules/.staging/body-parser-723d6d8f
491 verbose addTmpTarball /tmp/npm-44-08aaba80/registry.npmjs.org/jade/-/jade-1.11.0.tgz not in flight; adding
492 verbose addTmpTarball already have metadata; skipping unpack for jade@1.11.0
493 silly gunzTarPerm modes [ '777', '666' ]
494 verbose tar unpack /home/smurano/.npm/ejs/2.6.1/package.tgz
495 verbose tar unpacking to /mnt/c/Users/smura/develop/Nodejs/img_up_smurano/node_modules/.staging/ejs-30410ccb
496 silly gentlyRm /mnt/c/Users/smura/develop/Nodejs/img_up_smurano/node_modules/.staging/ejs-30410ccb is being purged
497 verbose gentlyRm don't care about contents; nuking /mnt/c/Users/smura/develop/Nodejs/img_up_smurano/node_modules/.staging/ejs-30410ccb
498 silly gunzTarPerm modes [ '777', '666' ]
499 silly gentlyRm /mnt/c/Users/smura/develop/Nodejs/img_up_smurano/node_modules/.staging/multer-977a1969 is being purged from base /mnt/c/Users/smura/develop/Nodejs/img_up_smurano
500 verbose gentlyRm don't care about contents; nuking /mnt/c/Users/smura/develop/Nodejs/img_up_smurano/node_modules/.staging/multer-977a1969
501 verbose tar unpack /home/smurano/.npm/multer/1.3.1/package.tgz
502 verbose tar unpacking to /mnt/c/Users/smura/develop/Nodejs/img_up_smurano/node_modules/.staging/multer-977a1969
503 silly gentlyRm /mnt/c/Users/smura/develop/Nodejs/img_up_smurano/node_modules/.staging/multer-977a1969 is being purged
504 verbose gentlyRm don't care about contents; nuking /mnt/c/Users/smura/develop/Nodejs/img_up_smurano/node_modules/.staging/multer-977a1969
505 silly gunzTarPerm modes [ '777', '666' ]
506 silly gunzTarPerm extractEntry package.json
507 silly gunzTarPerm modified mode [ 'package.json', 420, 438 ]
508 silly gunzTarPerm extractEntry
509 silly gunzTarPerm modified mode [ '', 493, 511 ]
510 silly gunzTarPerm extractEntry package.json
511 silly gunzTarPerm modified mode [ 'package.json', 420, 438 ]
512 silly gunzTarPerm extractEntry README.md
513 silly gunzTarPerm modified mode [ 'README.md', 436, 438 ]
514 silly gunzTarPerm extractEntry doc/asyncworker.md
515 silly gunzTarPerm modified mode [ 'doc/asyncworker.md', 436, 438 ]
516 silly gunzTarPerm extractEntry README.md
517 silly gunzTarPerm modified mode [ 'README.md', 420, 438 ]
518 silly gunzTarPerm extractEntry LICENSE
519 silly gunzTarPerm modified mode [ 'LICENSE', 420, 438 ]
520 silly gunzTarPerm extractEntry index.js
521 silly gunzTarPerm modified mode [ 'index.js', 420, 438 ]
522 silly gunzTarPerm extractEntry HISTORY.md
523 silly gunzTarPerm modified mode [ 'HISTORY.md', 420, 438 ]
524 silly gunzTarPerm extractEntry lib/read.js
525 silly gunzTarPerm modified mode [ 'lib/read.js', 420, 438 ]
526 silly gunzTarPerm extractEntry lib/types/json.js
527 silly gunzTarPerm modified mode [ 'lib/types/json.js', 420, 438 ]
528 silly gunzTarPerm extractEntry lib/types/raw.js
529 silly gunzTarPerm modified mode [ 'lib/types/raw.js', 420, 438 ]
530 silly gunzTarPerm extractEntry lib/types/text.js
531 silly gunzTarPerm modified mode [ 'lib/types/text.js', 420, 438 ]
532 silly gunzTarPerm extractEntry lib/types/urlencoded.js
533 silly gunzTarPerm modified mode [ 'lib/types/urlencoded.js', 420, 438 ]
534 silly fetchAndShaCheck shasum 6af8a502350db3246ecc4becf6b5a34d22f7ed53
535 silly gunzTarPerm extractEntry ejs.js
536 silly gunzTarPerm modified mode [ 'ejs.js', 420, 438 ]
537 silly gunzTarPerm extractEntry ejs.min.js
538 silly gunzTarPerm modified mode [ 'ejs.min.js', 420, 438 ]
539 silly gunzTarPerm extractEntry CHANGELOG.md
540 silly gunzTarPerm modified mode [ 'CHANGELOG.md', 420, 438 ]
541 silly gunzTarPerm extractEntry index.js
542 silly gunzTarPerm modified mode [ 'index.js', 420, 438 ]
543 verbose addTmpTarball /tmp/npm-44-08aaba80/registry.npmjs.org/express/-/express-4.16.3.tgz not in flight; adding
544 verbose addTmpTarball already have metadata; skipping unpack for express@4.16.3
545 verbose unbuild node_modules/.staging/jade-1d0294ac
546 silly gunzTarPerm extractEntry Jakefile
547 silly gunzTarPerm modified mode [ 'Jakefile', 420, 438 ]
548 silly gunzTarPerm extractEntry lib/
549 silly gunzTarPerm modified mode [ 'lib/', 493, 511 ]
550 silly gunzTarPerm extractEntry LICENSE
551 silly gunzTarPerm modified mode [ 'LICENSE', 420, 438 ]
552 silly gentlyRm /mnt/c/Users/smura/develop/Nodejs/img_up_smurano/node_modules/.staging/jade-1d0294ac is being purged from base /mnt/c/Users/smura/develop/Nodejs/img_up_smurano
553 verbose gentlyRm don't care about contents; nuking /mnt/c/Users/smura/develop/Nodejs/img_up_smurano/node_modules/.staging/jade-1d0294ac
554 silly gunzTarPerm extractEntry doc/buffers.md
555 silly gunzTarPerm modified mode [ 'doc/buffers.md', 436, 438 ]
556 silly gunzTarPerm extractEntry doc/callback.md
557 silly gunzTarPerm modified mode [ 'doc/callback.md', 436, 438 ]
558 verbose tar unpack /home/smurano/.npm/jade/1.11.0/package.tgz
559 verbose tar unpacking to /mnt/c/Users/smura/develop/Nodejs/img_up_smurano/node_modules/.staging/jade-1d0294ac
560 silly gentlyRm /mnt/c/Users/smura/develop/Nodejs/img_up_smurano/node_modules/.staging/jade-1d0294ac is being purged
561 verbose gentlyRm don't care about contents; nuking /mnt/c/Users/smura/develop/Nodejs/img_up_smurano/node_modules/.staging/jade-1d0294ac
562 silly gunzTarPerm extractEntry package.json
563 silly gunzTarPerm modified mode [ 'package.json', 420, 438 ]
564 silly gunzTarPerm modes [ '777', '666' ]
565 silly gunzTarPerm extractEntry README.md
566 silly gunzTarPerm modified mode [ 'README.md', 420, 438 ]
567 silly gunzTarPerm extractEntry LICENSE
568 silly gunzTarPerm modified mode [ 'LICENSE', 420, 438 ]
569 silly gunzTarPerm extractEntry README.md
570 silly gunzTarPerm modified mode [ 'README.md', 420, 438 ]
571 silly gunzTarPerm extractEntry package.json
572 silly gunzTarPerm modified mode [ 'package.json', 436, 438 ]
573 silly gunzTarPerm extractEntry .npmignore
574 silly gunzTarPerm modified mode [ '.npmignore', 436, 438 ]
575 silly gunzTarPerm extractEntry README.md
576 silly gunzTarPerm modified mode [ 'README.md', 436, 438 ]
577 silly gunzTarPerm extractEntry doc/converters.md
578 silly gunzTarPerm modified mode [ 'doc/converters.md', 436, 438 ]
579 silly gunzTarPerm extractEntry doc/errors.md
580 silly gunzTarPerm modified mode [ 'doc/errors.md', 436, 438 ]
581 silly gunzTarPerm extractEntry lib/ejs.js
582 silly gunzTarPerm modified mode [ 'lib/ejs.js', 493, 511 ]
583 silly gunzTarPerm extractEntry lib/utils.js
584 silly gunzTarPerm modified mode [ 'lib/utils.js', 420, 438 ]
585 verbose unbuild node_modules/.staging/express-758c4257
586 silly gentlyRm /mnt/c/Users/smura/develop/Nodejs/img_up_smurano/node_modules/.staging/express-758c4257 is being purged from base /mnt/c/Users/smura/develop/Nodejs/img_up_smurano
587 verbose gentlyRm don't care about contents; nuking /mnt/c/Users/smura/develop/Nodejs/img_up_smurano/node_modules/.staging/express-758c4257
588 verbose tar unpack /home/smurano/.npm/express/4.16.3/package.tgz
589 verbose tar unpacking to /mnt/c/Users/smura/develop/Nodejs/img_up_smurano/node_modules/.staging/express-758c4257
590 silly gentlyRm /mnt/c/Users/smura/develop/Nodejs/img_up_smurano/node_modules/.staging/express-758c4257 is being purged
591 verbose gentlyRm don't care about contents; nuking /mnt/c/Users/smura/develop/Nodejs/img_up_smurano/node_modules/.staging/express-758c4257
592 silly gunzTarPerm extractEntry lib/counter.js
593 silly gunzTarPerm modified mode [ 'lib/counter.js', 420, 438 ]
594 silly gunzTarPerm modes [ '777', '666' ]
595 silly gunzTarPerm extractEntry LICENSE
596 silly gunzTarPerm modified mode [ 'LICENSE', 436, 438 ]
597 silly gunzTarPerm extractEntry jade.js
598 silly gunzTarPerm modified mode [ 'jade.js', 436, 438 ]
599 silly gunzTarPerm extractEntry package.json
600 silly gunzTarPerm modified mode [ 'package.json', 420, 438 ]
601 silly gunzTarPerm extractEntry doc/json.md
602 silly gunzTarPerm modified mode [ 'doc/json.md', 436, 438 ]
603 silly gunzTarPerm extractEntry doc/maybe_types.md
604 silly gunzTarPerm modified mode [ 'doc/maybe_types.md', 436, 438 ]
605 silly gunzTarPerm extractEntry lib/file-appender.js
606 silly gunzTarPerm modified mode [ 'lib/file-appender.js', 420, 438 ]
607 silly gunzTarPerm extractEntry lib/make-error.js
608 silly gunzTarPerm modified mode [ 'lib/make-error.js', 420, 438 ]
609 silly gunzTarPerm extractEntry LICENSE
610 silly gunzTarPerm modified mode [ 'LICENSE', 420, 438 ]
611 silly gunzTarPerm extractEntry index.js
612 silly gunzTarPerm modified mode [ 'index.js', 420, 438 ]
613 silly gunzTarPerm extractEntry release.js
614 silly gunzTarPerm modified mode [ 'release.js', 436, 438 ]
615 silly gunzTarPerm extractEntry doc/methods.md
616 silly gunzTarPerm modified mode [ 'doc/methods.md', 436, 438 ]
617 silly gunzTarPerm extractEntry doc/new.md
618 silly gunzTarPerm modified mode [ 'doc/new.md', 436, 438 ]
619 silly gunzTarPerm extractEntry Readme.md
620 silly gunzTarPerm modified mode [ 'Readme.md', 420, 438 ]
621 silly gunzTarPerm extractEntry History.md
622 silly gunzTarPerm modified mode [ 'History.md', 420, 438 ]
623 silly gunzTarPerm extractEntry lib/make-middleware.js
624 silly gunzTarPerm modified mode [ 'lib/make-middleware.js', 420, 438 ]
625 silly gunzTarPerm extractEntry lib/remove-uploaded-files.js
626 silly gunzTarPerm modified mode [ 'lib/remove-uploaded-files.js', 420, 438 ]
627 silly gunzTarPerm extractEntry runtime.js
628 silly gunzTarPerm modified mode [ 'runtime.js', 436, 438 ]
629 silly gunzTarPerm extractEntry component.json
630 silly gunzTarPerm modified mode [ 'component.json', 436, 438 ]
631 silly gunzTarPerm extractEntry doc/node_misc.md
632 silly gunzTarPerm modified mode [ 'doc/node_misc.md', 436, 438 ]
633 silly gunzTarPerm extractEntry doc/object_wrappers.md
634 silly gunzTarPerm modified mode [ 'doc/object_wrappers.md', 436, 438 ]
635 silly gunzTarPerm extractEntry lib/application.js
636 silly gunzTarPerm modified mode [ 'lib/application.js', 420, 438 ]
637 silly gunzTarPerm extractEntry lib/express.js
638 silly gunzTarPerm modified mode [ 'lib/express.js', 420, 438 ]
639 silly gunzTarPerm extractEntry storage/disk.js
640 silly gunzTarPerm modified mode [ 'storage/disk.js', 420, 438 ]
641 silly gunzTarPerm extractEntry storage/memory.js
642 silly gunzTarPerm modified mode [ 'storage/memory.js', 420, 438 ]
643 silly gunzTarPerm extractEntry bin/jade.js
644 silly gunzTarPerm modified mode [ 'bin/jade.js', 509, 511 ]
645 silly gunzTarPerm extractEntry block-code.html
646 silly gunzTarPerm modified mode [ 'block-code.html', 436, 438 ]
647 silly gunzTarPerm extractEntry History.md
648 silly gunzTarPerm modified mode [ 'History.md', 436, 438 ]
649 silly gunzTarPerm extractEntry doc/persistent.md
650 silly gunzTarPerm modified mode [ 'doc/persistent.md', 436, 438 ]
651 silly gunzTarPerm extractEntry doc/scopes.md
652 silly gunzTarPerm modified mode [ 'doc/scopes.md', 436, 438 ]
653 silly gunzTarPerm extractEntry doc/script.md
654 silly gunzTarPerm modified mode [ 'doc/script.md', 436, 438 ]
655 silly gunzTarPerm extractEntry doc/string_bytes.md
656 silly gunzTarPerm modified mode [ 'doc/string_bytes.md', 436, 438 ]
657 silly gunzTarPerm extractEntry doc/v8_internals.md
658 silly gunzTarPerm modified mode [ 'doc/v8_internals.md', 436, 438 ]
659 silly gunzTarPerm extractEntry doc/v8_misc.md
660 silly gunzTarPerm modified mode [ 'doc/v8_misc.md', 436, 438 ]
661 silly gunzTarPerm extractEntry tools/1to2.js
662 silly gunzTarPerm modified mode [ 'tools/1to2.js', 509, 511 ]
663 silly gunzTarPerm extractEntry tools/package.json
664 silly gunzTarPerm modified mode [ 'tools/package.json', 436, 438 ]
665 silly gunzTarPerm extractEntry tools/README.md
666 silly gunzTarPerm modified mode [ 'tools/README.md', 436, 438 ]
667 silly gunzTarPerm extractEntry lib/request.js
668 silly gunzTarPerm modified mode [ 'lib/request.js', 420, 438 ]
669 silly gunzTarPerm extractEntry lib/compiler.js
670 silly gunzTarPerm modified mode [ 'lib/compiler.js', 436, 438 ]
671 silly gunzTarPerm extractEntry lib/filters-client.js
672 silly gunzTarPerm modified mode [ 'lib/filters-client.js', 436, 438 ]
673 silly gunzTarPerm extractEntry lib/filters.js
674 silly gunzTarPerm modified mode [ 'lib/filters.js', 436, 438 ]
675 silly gunzTarPerm extractEntry lib/index.js
676 silly gunzTarPerm modified mode [ 'lib/index.js', 436, 438 ]
677 silly gunzTarPerm extractEntry lib/response.js
678 silly gunzTarPerm modified mode [ 'lib/response.js', 420, 438 ]
679 silly gunzTarPerm extractEntry lib/utils.js
680 silly gunzTarPerm modified mode [ 'lib/utils.js', 420, 438 ]
681 silly gunzTarPerm extractEntry lib/view.js
682 silly gunzTarPerm modified mode [ 'lib/view.js', 420, 438 ]
683 silly gunzTarPerm extractEntry lib/doctypes.js
684 silly gunzTarPerm modified mode [ 'lib/doctypes.js', 436, 438 ]
685 silly gunzTarPerm extractEntry lib/middleware/init.js
686 silly gunzTarPerm modified mode [ 'lib/middleware/init.js', 420, 438 ]
687 silly gunzTarPerm extractEntry lib/lexer.js
688 silly gunzTarPerm modified mode [ 'lib/lexer.js', 436, 438 ]
689 silly gunzTarPerm extractEntry lib/middleware/query.js
690 silly gunzTarPerm modified mode [ 'lib/middleware/query.js', 420, 438 ]
691 silly gunzTarPerm extractEntry lib/runtime.js
692 silly gunzTarPerm modified mode [ 'lib/runtime.js', 436, 438 ]
693 silly gunzTarPerm extractEntry lib/parser.js
694 silly gunzTarPerm modified mode [ 'lib/parser.js', 436, 438 ]
695 silly gunzTarPerm extractEntry lib/router/index.js
696 silly gunzTarPerm modified mode [ 'lib/router/index.js', 420, 438 ]
697 silly gunzTarPerm extractEntry lib/utils.js
698 silly gunzTarPerm modified mode [ 'lib/utils.js', 436, 438 ]
699 silly gunzTarPerm extractEntry lib/router/layer.js
700 silly gunzTarPerm modified mode [ 'lib/router/layer.js', 420, 438 ]
701 silly gunzTarPerm extractEntry lib/inline-tags.js
702 silly gunzTarPerm modified mode [ 'lib/inline-tags.js', 436, 438 ]
703 silly gunzTarPerm extractEntry lib/router/route.js
704 silly gunzTarPerm modified mode [ 'lib/router/route.js', 420, 438 ]
705 silly gunzTarPerm extractEntry lib/nodes/attrs.js
706 silly gunzTarPerm modified mode [ 'lib/nodes/attrs.js', 436, 438 ]
707 silly gunzTarPerm extractEntry lib/nodes/code.js
708 silly gunzTarPerm modified mode [ 'lib/nodes/code.js', 436, 438 ]
709 silly gunzTarPerm extractEntry lib/nodes/comment.js
710 silly gunzTarPerm modified mode [ 'lib/nodes/comment.js', 436, 438 ]
711 silly gunzTarPerm extractEntry lib/nodes/doctype.js
712 silly gunzTarPerm modified mode [ 'lib/nodes/doctype.js', 436, 438 ]
713 silly gunzTarPerm extractEntry lib/nodes/each.js
714 silly gunzTarPerm modified mode [ 'lib/nodes/each.js', 436, 438 ]
715 silly gunzTarPerm extractEntry lib/nodes/case.js
716 silly gunzTarPerm modified mode [ 'lib/nodes/case.js', 436, 438 ]
717 silly gunzTarPerm extractEntry lib/nodes/index.js
718 silly gunzTarPerm modified mode [ 'lib/nodes/index.js', 436, 438 ]
719 silly gunzTarPerm extractEntry lib/nodes/literal.js
720 silly gunzTarPerm modified mode [ 'lib/nodes/literal.js', 436, 438 ]
721 silly gunzTarPerm extractEntry lib/nodes/mixin-block.js
722 silly gunzTarPerm modified mode [ 'lib/nodes/mixin-block.js', 436, 438 ]
723 silly gentlyRm /mnt/c/Users/smura/develop/Nodejs/img_up_smurano/node_modules/.staging/ejs-30410ccb/node_modules is being purged
724 verbose gentlyRm don't care about contents; nuking /mnt/c/Users/smura/develop/Nodejs/img_up_smurano/node_modules/.staging/ejs-30410ccb/node_modules
725 silly gentlyRm /mnt/c/Users/smura/develop/Nodejs/img_up_smurano/node_modules/.staging/body-parser-723d6d8f/node_modules is being purged
726 verbose gentlyRm don't care about contents; nuking /mnt/c/Users/smura/develop/Nodejs/img_up_smurano/node_modules/.staging/body-parser-723d6d8f/node_modules
727 silly gunzTarPerm extractEntry lib/nodes/mixin.js
728 silly gunzTarPerm modified mode [ 'lib/nodes/mixin.js', 436, 438 ]
729 silly gunzTarPerm extractEntry lib/nodes/node.js
730 silly gunzTarPerm modified mode [ 'lib/nodes/node.js', 436, 438 ]
731 silly gunzTarPerm extractEntry lib/nodes/block.js
732 silly gunzTarPerm modified mode [ 'lib/nodes/block.js', 436, 438 ]
733 silly gunzTarPerm extractEntry lib/nodes/tag.js
734 silly gunzTarPerm modified mode [ 'lib/nodes/tag.js', 436, 438 ]
735 silly gentlyRm /mnt/c/Users/smura/develop/Nodejs/img_up_smurano/node_modules/.staging/multer-977a1969/node_modules is being purged
736 verbose gentlyRm don't care about contents; nuking /mnt/c/Users/smura/develop/Nodejs/img_up_smurano/node_modules/.staging/multer-977a1969/node_modules
737 silly gunzTarPerm extractEntry lib/nodes/block-comment.js
738 silly gunzTarPerm modified mode [ 'lib/nodes/block-comment.js', 436, 438 ]
739 silly gunzTarPerm extractEntry lib/nodes/text.js
740 silly gunzTarPerm modified mode [ 'lib/nodes/text.js', 436, 438 ]
741 silly gunzTarPerm extractEntry lib/nodes/filter.js
742 silly gunzTarPerm modified mode [ 'lib/nodes/filter.js', 436, 438 ]
743 silly gunzTarPerm extractEntry .release.json
744 silly gunzTarPerm extractEntry Readme_zh-cn.md
745 silly gunzTarPerm modified mode [ 'Readme_zh-cn.md', 436, 438 ]
746 silly gentlyRm /mnt/c/Users/smura/develop/Nodejs/img_up_smurano/node_modules/.staging/express-758c4257/node_modules is being purged
747 verbose gentlyRm don't care about contents; nuking /mnt/c/Users/smura/develop/Nodejs/img_up_smurano/node_modules/.staging/express-758c4257/node_modules
748 silly gentlyRm /mnt/c/Users/smura/develop/Nodejs/img_up_smurano/node_modules/.staging/canvas-25e36d6a/node_modules is being purged
749 verbose gentlyRm don't care about contents; nuking /mnt/c/Users/smura/develop/Nodejs/img_up_smurano/node_modules/.staging/canvas-25e36d6a/node_modules
750 silly gentlyRm /mnt/c/Users/smura/develop/Nodejs/img_up_smurano/node_modules/.staging/nan-e448d3d0/node_modules is being purged
751 verbose gentlyRm don't care about contents; nuking /mnt/c/Users/smura/develop/Nodejs/img_up_smurano/node_modules/.staging/nan-e448d3d0/node_modules
752 silly gentlyRm /mnt/c/Users/smura/develop/Nodejs/img_up_smurano/node_modules/.staging/jade-1d0294ac/node_modules is being purged
753 verbose gentlyRm don't care about contents; nuking /mnt/c/Users/smura/develop/Nodejs/img_up_smurano/node_modules/.staging/jade-1d0294ac/node_modules
754 silly doParallel preinstall 7
755 silly preinstall nan@2.11.0 /mnt/c/Users/smura/develop/Nodejs/img_up_smurano/node_modules/.staging/nan-e448d3d0
756 info lifecycle nan@2.11.0~preinstall: nan@2.11.0
757 silly preinstall body-parser@1.18.3 /mnt/c/Users/smura/develop/Nodejs/img_up_smurano/node_modules/.staging/body-parser-723d6d8f
758 info lifecycle body-parser@1.18.3~preinstall: body-parser@1.18.3
759 silly preinstall canvas@1.6.11 /mnt/c/Users/smura/develop/Nodejs/img_up_smurano/node_modules/.staging/canvas-25e36d6a
760 info lifecycle canvas@1.6.11~preinstall: canvas@1.6.11
761 silly preinstall ejs@2.6.1 /mnt/c/Users/smura/develop/Nodejs/img_up_smurano/node_modules/.staging/ejs-30410ccb
762 info lifecycle ejs@2.6.1~preinstall: ejs@2.6.1
763 silly preinstall express@4.16.3 /mnt/c/Users/smura/develop/Nodejs/img_up_smurano/node_modules/.staging/express-758c4257
764 info lifecycle express@4.16.3~preinstall: express@4.16.3
765 silly preinstall jade@1.11.0 /mnt/c/Users/smura/develop/Nodejs/img_up_smurano/node_modules/.staging/jade-1d0294ac
766 info lifecycle jade@1.11.0~preinstall: jade@1.11.0
767 silly preinstall multer@1.3.1 /mnt/c/Users/smura/develop/Nodejs/img_up_smurano/node_modules/.staging/multer-977a1969
768 info lifecycle multer@1.3.1~preinstall: multer@1.3.1
769 silly lifecycle nan@2.11.0~preinstall: no script for preinstall, continuing
770 silly lifecycle body-parser@1.18.3~preinstall: no script for preinstall, continuing
771 silly lifecycle canvas@1.6.11~preinstall: no script for preinstall, continuing
772 silly lifecycle ejs@2.6.1~preinstall: no script for preinstall, continuing
773 silly lifecycle express@4.16.3~preinstall: no script for preinstall, continuing
774 silly lifecycle jade@1.11.0~preinstall: no script for preinstall, continuing
775 silly lifecycle multer@1.3.1~preinstall: no script for preinstall, continuing
776 silly doReverseSerial remove 0
777 silly doSerial move 0
778 silly doSerial finalize 7
779 silly finalize /mnt/c/Users/smura/develop/Nodejs/img_up_smurano/node_modules/nan
780 silly finalize /mnt/c/Users/smura/develop/Nodejs/img_up_smurano/node_modules/body-parser
781 silly finalize /mnt/c/Users/smura/develop/Nodejs/img_up_smurano/node_modules/canvas
782 silly finalize /mnt/c/Users/smura/develop/Nodejs/img_up_smurano/node_modules/ejs
783 silly finalize /mnt/c/Users/smura/develop/Nodejs/img_up_smurano/node_modules/express
784 silly finalize /mnt/c/Users/smura/develop/Nodejs/img_up_smurano/node_modules/jade
785 silly finalize /mnt/c/Users/smura/develop/Nodejs/img_up_smurano/node_modules/multer
786 silly doSerial build 7
787 silly build nan@2.11.0
788 info linkStuff nan@2.11.0
789 silly linkStuff nan@2.11.0 has /mnt/c/Users/smura/develop/Nodejs/img_up_smurano/node_modules as its parent node_modules
790 verbose linkBins nan@2.11.0
791 verbose linkMans nan@2.11.0
792 silly build body-parser@1.18.3
793 info linkStuff body-parser@1.18.3
794 silly linkStuff body-parser@1.18.3 has /mnt/c/Users/smura/develop/Nodejs/img_up_smurano/node_modules as its parent node_modules
795 verbose linkBins body-parser@1.18.3
796 verbose linkMans body-parser@1.18.3
797 silly build canvas@1.6.11
798 info linkStuff canvas@1.6.11
799 silly linkStuff canvas@1.6.11 has /mnt/c/Users/smura/develop/Nodejs/img_up_smurano/node_modules as its parent node_modules
800 verbose linkBins canvas@1.6.11
801 verbose linkMans canvas@1.6.11
802 silly build ejs@2.6.1
803 info linkStuff ejs@2.6.1
804 silly linkStuff ejs@2.6.1 has /mnt/c/Users/smura/develop/Nodejs/img_up_smurano/node_modules as its parent node_modules
805 verbose linkBins ejs@2.6.1
806 verbose linkMans ejs@2.6.1
807 silly build express@4.16.3
808 info linkStuff express@4.16.3
809 silly linkStuff express@4.16.3 has /mnt/c/Users/smura/develop/Nodejs/img_up_smurano/node_modules as its parent node_modules
810 verbose linkBins express@4.16.3
811 verbose linkMans express@4.16.3
812 silly build jade@1.11.0
813 info linkStuff jade@1.11.0
814 silly linkStuff jade@1.11.0 has /mnt/c/Users/smura/develop/Nodejs/img_up_smurano/node_modules as its parent node_modules
815 verbose linkBins jade@1.11.0
816 verbose link bins [ { jade: './bin/jade.js' },
816 verbose link bins   '/mnt/c/Users/smura/develop/Nodejs/img_up_smurano/node_modules/.bin',
816 verbose link bins   false ]
817 verbose linkMans jade@1.11.0
818 silly gentlyRm /mnt/c/Users/smura/develop/Nodejs/img_up_smurano/node_modules/.bin/jade is being purged
819 verbose gentlyRm don't care about contents; nuking /mnt/c/Users/smura/develop/Nodejs/img_up_smurano/node_modules/.bin/jade
820 silly vacuum-fs purging /mnt/c/Users/smura/develop/Nodejs/img_up_smurano/node_modules/.bin/jade
821 silly vacuum-fs quitting because other entries in /mnt/c/Users/smura/develop/Nodejs/img_up_smurano/node_modules/.bin
822 silly build multer@1.3.1
823 info linkStuff multer@1.3.1
824 silly linkStuff multer@1.3.1 has /mnt/c/Users/smura/develop/Nodejs/img_up_smurano/node_modules as its parent node_modules
825 verbose linkBins multer@1.3.1
826 verbose linkMans multer@1.3.1
827 silly doSerial global-link 0
828 silly doParallel update-linked 0
829 silly doSerial install 7
830 silly install nan@2.11.0 /mnt/c/Users/smura/develop/Nodejs/img_up_smurano/node_modules/.staging/nan-e448d3d0
831 info lifecycle nan@2.11.0~install: nan@2.11.0
832 silly lifecycle nan@2.11.0~install: no script for install, continuing
833 silly install body-parser@1.18.3 /mnt/c/Users/smura/develop/Nodejs/img_up_smurano/node_modules/.staging/body-parser-723d6d8f
834 info lifecycle body-parser@1.18.3~install: body-parser@1.18.3
835 silly lifecycle body-parser@1.18.3~install: no script for install, continuing
836 silly install canvas@1.6.11 /mnt/c/Users/smura/develop/Nodejs/img_up_smurano/node_modules/.staging/canvas-25e36d6a
837 info lifecycle canvas@1.6.11~install: canvas@1.6.11
838 verbose lifecycle canvas@1.6.11~install: unsafe-perm in lifecycle true
839 verbose lifecycle canvas@1.6.11~install: PATH: /usr/share/npm/bin/node-gyp-bin:/mnt/c/Users/smura/develop/Nodejs/img_up_smurano/node_modules/canvas/node_modules/.bin:/mnt/c/Users/smura/develop/Nodejs/img_up_smurano/node_modules/.bin:/home/smurano/bin:/home/smurano/.local/bin:/usr/local/sbin:/usr/local/bin:/usr/sbin:/usr/bin:/sbin:/bin:/usr/games:/usr/local/games:/mnt/c/:/mnt/c/Program Files/Microsoft MPI/Bin:/mnt/c/Program Files (x86)/Intel/iCLS Client:/mnt/c/ProgramData/Oracle/Java/javapath_target_50109750:/mnt/c/Program Files (x86)/Python27/Scripts:/mnt/c/Program Files (x86)/Python27:/mnt/c/Program Files (x86)/IIS Express/PHP/v5.6:/mnt/c/Program Files/Intel/iCLS Client:/mnt/c/Windows/System32:/mnt/c/Windows:/mnt/c/Windows/System32/wbem:/mnt/c/Windows/System32/WindowsPowerShell/v1.0:/mnt/c/Program Files (x86)/GtkSharp/2.12/bin:/mnt/c/Program Files (x86)/Sennheiser/SoftphoneSDK:/mnt/c/Users/smura/AppData/Local/Microsoft/WindowsApps:/mnt/c/Users/smura/AppData/Local/atom/bin:/mnt/c/Program Files/MySQL/MySQL Server 5.1/bin:/mnt/c/Program Files (x86)/QuickTime/QTSystem:/mnt/c/w32tex/bin:/mnt/c/Program Files/Microsoft SQL Server/130/Tools/Binn:/mnt/c/Program Files/dotnet:/mnt/c/Program Files (x86)/Intel/Intel(R) Management Engine Components/DAL:/mnt/c/Program Files/Intel/Intel(R) Management Engine Components/DAL:/mnt/c/Program Files (x86)/Intel/Intel(R) Management Engine Components/IPT:/mnt/c/Program Files/Intel/Intel(R) Management Engine Components/IPT:/mnt/c/Windows/System32:/mnt/c/Windows:/mnt/c/Windows/System32/wbem:/mnt/c/Windows/System32/WindowsPowerShell/v1.0:/mnt/c/Program Files (x86)/Windows Kits/10/Windows Performance Toolkit:/mnt/c/Program Files/CMake/bin:/mnt/c/Program Files/gs/gs9.22:/mnt/c/Program Files (x86)/gs/gs9.22/bin:/mnt/c/Program Files (x86)/gs/gs9.22/lib:/mnt/c/Program Files (x86)/Xoreax/IncrediBuild:/mnt/c/Program Files/Git/cmd:/mnt/c/Program Files/Intel/WiFi/bin:/mnt/c/Program Files/Common Files/Intel/WirelessCommon:/mnt/c/Windows/System32/OpenSSH:/mnt/c/Program Files/nodejs:/mnt/c/Users/smura/AppData/Roaming/npm:/mnt/c/Ruby25-x64/bin:/mnt/c/Users/smura/AppData/Local/Microsoft/WindowsApps:/mnt/c/Users/smura/AppData/Local/atom/bin:/mnt/c/Users/smura/AppData/Local/Microsoft/WindowsApps:/mnt/c/Users/smura/AppData/Roaming/npm:/snap/bin
840 verbose lifecycle canvas@1.6.11~install: CWD: /mnt/c/Users/smura/develop/Nodejs/img_up_smurano/node_modules/canvas
841 silly lifecycle canvas@1.6.11~install: Args: [ '-c', 'node-gyp rebuild' ]
842 silly lifecycle canvas@1.6.11~install: Returned: code: 1  signal: null
843 info lifecycle canvas@1.6.11~install: Failed to exec install script
844 verbose unlock done using /home/smurano/.npm/_locks/staging-aed06b06c0d18ba3.lock for /mnt/c/Users/smura/develop/Nodejs/img_up_smurano/node_modules/.staging
845 silly rollbackFailedOptional Starting
846 silly rollbackFailedOptional Finishing
847 silly runTopLevelLifecycles Starting
848 silly runTopLevelLifecycles Finishing
849 silly install printInstalled
850 warn enoent ENOENT: no such file or directory, open '/mnt/c/Users/smura/develop/Nodejs/img_up_smurano/package.json'
851 warn img_up_smurano No description
852 warn img_up_smurano No repository field.
853 warn img_up_smurano No README data
854 warn img_up_smurano No license field.
855 verbose stack Error: canvas@1.6.11 install: `node-gyp rebuild`
855 verbose stack Exit status 1
855 verbose stack     at EventEmitter.<anonymous> (/usr/share/npm/lib/utils/lifecycle.js:232:16)
855 verbose stack     at emitTwo (events.js:87:13)
855 verbose stack     at EventEmitter.emit (events.js:172:7)
855 verbose stack     at ChildProcess.<anonymous> (/usr/share/npm/lib/utils/spawn.js:24:14)
855 verbose stack     at emitTwo (events.js:87:13)
855 verbose stack     at ChildProcess.emit (events.js:172:7)
855 verbose stack     at maybeClose (internal/child_process.js:821:16)
855 verbose stack     at Process.ChildProcess._handle.onexit (internal/child_process.js:211:5)
856 verbose pkgid canvas@1.6.11
857 verbose cwd /mnt/c/Users/smura/develop/Nodejs/img_up_smurano
858 error Linux 4.4.0-17134-Microsoft
859 error argv "/usr/bin/nodejs" "/usr/bin/npm" "install" "canvas"
860 error node v4.2.6
861 error npm  v3.5.2
862 error code ELIFECYCLE
863 error canvas@1.6.11 install: `node-gyp rebuild`
863 error Exit status 1
864 error Failed at the canvas@1.6.11 install script 'node-gyp rebuild'.
864 error Make sure you have the latest version of node.js and npm installed.
864 error If you do, this is most likely a problem with the canvas package,
864 error not with npm itself.
864 error Tell the author that this fails on your system:
864 error     node-gyp rebuild
864 error You can get information on how to open an issue for this project with:
864 error     npm bugs canvas
864 error Or if that isn't available, you can get their info via:
864 error     npm owner ls canvas
864 error There is likely additional logging output above.
865 verbose exit [ 1, true ]
